This is e-upTeX, Version 3.141592653-p4.1.0-u1.29-230214-2.6 (utf8.sjis) (TeX Live 2023) (preloaded format=platex 2023.12.18)  26 FEB 2024 12:05
entering extended mode
 restricted \write18 enabled.
 %&-line parsing enabled.
**ref.tex
(./ref.tex
pLaTeX2e <2023-02-14>+1, based on
LaTeX2e <2023-11-01>
L3 programming layer <2023-12-11>
! Undefined control sequence.
l.1 \chapter
            *{参考文献}
The control sequence at the end of the top line
of your error message was never \def'ed. If you have
misspelled it (e.g., `\hobx'), type `I' and the correct
spelling (e.g., `I\hbox'). Otherwise just continue,
and I'll forget about whatever was undefined.


! LaTeX Error: Missing \begin{document}.

See the LaTeX manual or LaTeX Companion for explanation.
Type  H <return>  for immediate help.
 ...                                              
                                                  
l.1 \chapter*
             {参考文献}
You're in trouble here.  Try typing  <return>  to proceed.
If that doesn't work, type  X <return>  to quit.

! Undefined control sequence.
l.3 \lhead
          [参考文献]{}
The control sequence at the end of the top line
of your error message was never \def'ed. If you have
misspelled it (e.g., `\hobx'), type `I' and the correct
spelling (e.g., `I\hbox'). Otherwise just continue,
and I'll forget about whatever was undefined.


Overfull \hbox (25.00002pt too wide) in paragraph at lines 1--4
[]\OT1/cmr/m/n/10 *
 []


Overfull \hbox (9.62216pt too wide) in paragraph at lines 1--4
\JY1/mc/m/n/10 参
 []


Overfull \hbox (9.62216pt too wide) in paragraph at lines 1--4
\JY1/mc/m/n/10 考
 []


Overfull \hbox (9.62216pt too wide) in paragraph at lines 1--4
\JY1/mc/m/n/10 文
 []


Overfull \hbox (9.62216pt too wide) in paragraph at lines 1--4
\JY1/mc/m/n/10 献[]
 []


Overfull \hbox (12.39995pt too wide) in paragraph at lines 1--4
\OT1/cmr/m/n/10 [\JY1/mc/m/n/10 参
 []


Overfull \hbox (9.62216pt too wide) in paragraph at lines 1--4
\JY1/mc/m/n/10 考
 []


Overfull \hbox (9.62216pt too wide) in paragraph at lines 1--4
\JY1/mc/m/n/10 文
 []


Overfull \hbox (12.39995pt too wide) in paragraph at lines 1--4
\JY1/mc/m/n/10 献\OT1/cmr/m/n/10 ] 
 []


! LaTeX Error: The font size command \normalsize is not defined:
               there is probably something wrong with the class file.

See the LaTeX manual or LaTeX Companion for explanation.
Type  H <return>  for immediate help.
 ...                                              
                                                  
l.7 \newpage
            
Your command was ignored.
Type  I <command> <return>  to replace it with another command,
or  <return>  to continue without it.

[1
! Undefined control sequence.
<write> ...tentsline {chapter}{参考文献}{\thepage 
                                                  }{}\protected@file@percent }
l.7 \newpage
            
The control sequence at the end of the top line
of your error message was never \def'ed. If you have
misspelled it (e.g., `\hobx'), type `I' and the correct
spelling (e.g., `I\hbox'). Otherwise just continue,
and I'll forget about whatever was undefined.

\@writefile{toc}{\contentsline {chapter}{参考文献}{}{}\protected@file@percent }

]
! Undefined control sequence.
l.9 \subsection
               *{\textmc{＜和文文献＞}}
The control sequence at the end of the top line
of your error message was never \def'ed. If you have
misspelled it (e.g., `\hobx'), type `I' and the correct
spelling (e.g., `I\hbox'). Otherwise just continue,
and I'll forget about whatever was undefined.


! LaTeX Error: Missing \begin{document}.

See the LaTeX manual or LaTeX Companion for explanation.
Type  H <return>  for immediate help.
 ...                                              
                                                  
l.9 \subsection*
                {\textmc{＜和文文献＞}}
You're in trouble here.  Try typing  <return>  to proceed.
If that doesn't work, type  X <return>  to quit.


Overfull \hbox (34.62218pt too wide) in paragraph at lines 9--10
[]\OT1/cmr/m/n/10 *\JY1/mc/m/n/10 ＜
 []


Overfull \hbox (9.62216pt too wide) in paragraph at lines 9--10
\JY1/mc/m/n/10 和
 []


Overfull \hbox (9.62216pt too wide) in paragraph at lines 9--10
\JY1/mc/m/n/10 文
 []


Overfull \hbox (9.62216pt too wide) in paragraph at lines 9--10
\JY1/mc/m/n/10 文
 []


Overfull \hbox (9.62216pt too wide) in paragraph at lines 9--10
\JY1/mc/m/n/10 献
 []


Overfull \hbox (9.62216pt too wide) in paragraph at lines 9--10
\JY1/mc/m/n/10 ＞ 
 []


! LaTeX Error: Environment mythebibliography undefined.

See the LaTeX manual or LaTeX Companion for explanation.
Type  H <return>  for immediate help.
 ...                                              
                                                  
l.11 \begin{mythebibliography}
                              {}
Your command was ignored.
Type  I <command> <return>  to replace it with another command,
or  <return>  to continue without it.


! LaTeX Error: Lonely \item--perhaps a missing list environment.

See the LaTeX manual or LaTeX Companion for explanation.
Type  H <return>  for immediate help.
 ...                                              
                                                  
l.14 \bibitem[中川 2005]{田所2005}
                                  
Try typing  <return>  to proceed.
If that doesn't work, type  X <return>  to quit.

\bibcite{田所2005}{中川 2005}
! Undefined control sequence.
l.16 ^^I\newblock
                  ``動的障害物回避に注目した電動四輪車の知的自動運転システム,''
The control sequence at the end of the top line
of your error message was never \def'ed. If you have
misspelled it (e.g., `\hobx'), type `I' and the correct
spelling (e.g., `I\hbox'). Otherwise just continue,
and I'll forget about whatever was undefined.

! Undefined control sequence.
l.17 ^^I\newblock
                  第21回ファジィ システム シンポジウム, \mbox{pp.~838--841},...
The control sequence at the end of the top line
of your error message was never \def'ed. If you have
misspelled it (e.g., `\hobx'), type `I' and the correct
spelling (e.g., `I\hbox'). Otherwise just continue,
and I'll forget about whatever was undefined.


Overfull \hbox (9.62216pt too wide) in paragraph at lines 15--18
[]\JY1/mc/m/n/10 中
 []


Overfull \hbox (9.62216pt too wide) in paragraph at lines 15--18
\JY1/mc/m/n/10 川
 []


Overfull \hbox (9.62216pt too wide) in paragraph at lines 15--18
\JY1/mc/m/n/10 真
 []


Overfull \hbox (12.65881pt too wide) in paragraph at lines 15--18
\JY1/mc/m/n/10 仁 ，
 []


Overfull \hbox (9.62216pt too wide) in paragraph at lines 15--18
\JY1/mc/m/n/10 安
 []


Overfull \hbox (9.62216pt too wide) in paragraph at lines 15--18
\JY1/mc/m/n/10 信
 []


Overfull \hbox (9.62216pt too wide) in paragraph at lines 15--18
\JY1/mc/m/n/10 誠
 []


Overfull \hbox (12.39995pt too wide) in paragraph at lines 15--18
\JY1/mc/m/n/10 二\OT1/cmr/m/n/10 :
 []


Overfull \hbox (5.00002pt too wide) in paragraph at lines 15--18
\OT1/cmr/m/n/10 ``
 []


Overfull \hbox (9.62216pt too wide) in paragraph at lines 15--18
\JY1/mc/m/n/10 動
 []


Overfull \hbox (9.62216pt too wide) in paragraph at lines 15--18
\JY1/mc/m/n/10 的
 []


Overfull \hbox (9.62216pt too wide) in paragraph at lines 15--18
\JY1/mc/m/n/10 障
 []


Overfull \hbox (9.62216pt too wide) in paragraph at lines 15--18
\JY1/mc/m/n/10 害
 []


Overfull \hbox (9.62216pt too wide) in paragraph at lines 15--18
\JY1/mc/m/n/10 物
 []


Overfull \hbox (9.62216pt too wide) in paragraph at lines 15--18
\JY1/mc/m/n/10 回
 []


Overfull \hbox (9.62216pt too wide) in paragraph at lines 15--18
\JY1/mc/m/n/10 避
 []


Overfull \hbox (9.62216pt too wide) in paragraph at lines 15--18
\JY1/mc/m/n/10 に
 []


Overfull \hbox (9.62216pt too wide) in paragraph at lines 15--18
\JY1/mc/m/n/10 注
 []


Overfull \hbox (9.62216pt too wide) in paragraph at lines 15--18
\JY1/mc/m/n/10 目
 []


Overfull \hbox (9.62216pt too wide) in paragraph at lines 15--18
\JY1/mc/m/n/10 し
 []


Overfull \hbox (9.62216pt too wide) in paragraph at lines 15--18
\JY1/mc/m/n/10 た
 []


Overfull \hbox (9.62216pt too wide) in paragraph at lines 15--18
\JY1/mc/m/n/10 電
 []


Overfull \hbox (9.62216pt too wide) in paragraph at lines 15--18
\JY1/mc/m/n/10 動
 []


Overfull \hbox (9.62216pt too wide) in paragraph at lines 15--18
\JY1/mc/m/n/10 四
 []


Overfull \hbox (9.62216pt too wide) in paragraph at lines 15--18
\JY1/mc/m/n/10 輪
 []


Overfull \hbox (9.62216pt too wide) in paragraph at lines 15--18
\JY1/mc/m/n/10 車
 []


Overfull \hbox (9.62216pt too wide) in paragraph at lines 15--18
\JY1/mc/m/n/10 の
 []


Overfull \hbox (9.62216pt too wide) in paragraph at lines 15--18
\JY1/mc/m/n/10 知
 []


Overfull \hbox (9.62216pt too wide) in paragraph at lines 15--18
\JY1/mc/m/n/10 的
 []


Overfull \hbox (9.62216pt too wide) in paragraph at lines 15--18
\JY1/mc/m/n/10 自
 []


Overfull \hbox (9.62216pt too wide) in paragraph at lines 15--18
\JY1/mc/m/n/10 動
 []


Overfull \hbox (9.62216pt too wide) in paragraph at lines 15--18
\JY1/mc/m/n/10 運
 []


Overfull \hbox (9.62216pt too wide) in paragraph at lines 15--18
\JY1/mc/m/n/10 転
 []


Overfull \hbox (9.62216pt too wide) in paragraph at lines 15--18
\JY1/mc/m/n/10 シ
 []


Overfull \hbox (9.62216pt too wide) in paragraph at lines 15--18
\JY1/mc/m/n/10 ス
 []


Overfull \hbox (9.62216pt too wide) in paragraph at lines 15--18
\JY1/mc/m/n/10 テ
 []


Overfull \hbox (17.39996pt too wide) in paragraph at lines 15--18
\JY1/mc/m/n/10 ム\OT1/cmr/m/n/10 ,''
 []


Overfull \hbox (9.62216pt too wide) in paragraph at lines 15--18
\JY1/mc/m/n/10 第
 []


Overfull \hbox (10.00003pt too wide) in paragraph at lines 15--18
\OT1/cmr/m/n/10 21
 []


Overfull \hbox (9.62216pt too wide) in paragraph at lines 15--18
\JY1/mc/m/n/10 回
 []


Overfull \hbox (9.62216pt too wide) in paragraph at lines 15--18
\JY1/mc/m/n/10 フ
 []


Overfull \hbox (7.47433pt too wide) in paragraph at lines 15--18
\JY1/mc/m/n/10 ァ
 []


Overfull \hbox (9.62216pt too wide) in paragraph at lines 15--18
\JY1/mc/m/n/10 ジ
 []


Overfull \hbox (7.47433pt too wide) in paragraph at lines 15--18
\JY1/mc/m/n/10 ィ
 []


Overfull \hbox (9.62216pt too wide) in paragraph at lines 15--18
\JY1/mc/m/n/10 シ
 []


Overfull \hbox (9.62216pt too wide) in paragraph at lines 15--18
\JY1/mc/m/n/10 ス
 []


Overfull \hbox (9.62216pt too wide) in paragraph at lines 15--18
\JY1/mc/m/n/10 テ
 []


Overfull \hbox (9.62216pt too wide) in paragraph at lines 15--18
\JY1/mc/m/n/10 ム
 []


Overfull \hbox (9.62216pt too wide) in paragraph at lines 15--18
\JY1/mc/m/n/10 シ
 []


Overfull \hbox (9.62216pt too wide) in paragraph at lines 15--18
\JY1/mc/m/n/10 ン
 []


Overfull \hbox (9.62216pt too wide) in paragraph at lines 15--18
\JY1/mc/m/n/10 ポ
 []


Overfull \hbox (9.62216pt too wide) in paragraph at lines 15--18
\JY1/mc/m/n/10 ジ
 []


Overfull \hbox (9.62216pt too wide) in paragraph at lines 15--18
\JY1/mc/m/n/10 ウ
 []


Overfull \hbox (12.39995pt too wide) in paragraph at lines 15--18
\JY1/mc/m/n/10 ム\OT1/cmr/m/n/10 ,
 []


Overfull \hbox (55.00015pt too wide) in paragraph at lines 15--18
[]\OT1/cmr/m/n/10 ,
 []


Overfull \hbox (22.77785pt too wide) in paragraph at lines 15--18
\OT1/cmr/m/n/10 2005. 
 []


! LaTeX Error: Lonely \item--perhaps a missing list environment.

See the LaTeX manual or LaTeX Companion for explanation.
Type  H <return>  for immediate help.
 ...                                              
                                                  
l.19 \bibitem[敷島 2021]{敷島2021}
                                  
Try typing  <return>  to proceed.
If that doesn't work, type  X <return>  to quit.

\bibcite{敷島2021}{敷島 2021}
! Undefined control sequence.
l.21 ^^I\newblock
                  ``単眼カメラと三次元地図を用いた動的障害物の検出と三次元復...
The control sequence at the end of the top line
of your error message was never \def'ed. If you have
misspelled it (e.g., `\hobx'), type `I' and the correct
spelling (e.g., `I\hbox'). Otherwise just continue,
and I'll forget about whatever was undefined.

! Undefined control sequence.
l.22 ^^I\newblock
                  計測自動制御学会論文集, \mbox{vol.~57}, \mbox{no.~1}, \mbo...
The control sequence at the end of the top line
of your error message was never \def'ed. If you have
misspelled it (e.g., `\hobx'), type `I' and the correct
spelling (e.g., `I\hbox'). Otherwise just continue,
and I'll forget about whatever was undefined.


Overfull \hbox (9.62216pt too wide) in paragraph at lines 20--23
[]\JY1/mc/m/n/10 敷
 []


Overfull \hbox (9.62216pt too wide) in paragraph at lines 20--23
\JY1/mc/m/n/10 島
 []


Overfull \hbox (9.62216pt too wide) in paragraph at lines 20--23
\JY1/mc/m/n/10 惇
 []


Overfull \hbox (12.65881pt too wide) in paragraph at lines 20--23
\JY1/mc/m/n/10 也 ，
 []


Overfull \hbox (9.62216pt too wide) in paragraph at lines 20--23
\JY1/mc/m/n/10 田
 []


Overfull \hbox (9.62216pt too wide) in paragraph at lines 20--23
\JY1/mc/m/n/10 崎
 []


Overfull \hbox (12.39995pt too wide) in paragraph at lines 20--23
\JY1/mc/m/n/10 豪\OT1/cmr/m/n/10 :
 []


Overfull \hbox (5.00002pt too wide) in paragraph at lines 20--23
\OT1/cmr/m/n/10 ``
 []


Overfull \hbox (9.62216pt too wide) in paragraph at lines 20--23
\JY1/mc/m/n/10 単
 []


Overfull \hbox (9.62216pt too wide) in paragraph at lines 20--23
\JY1/mc/m/n/10 眼
 []


Overfull \hbox (9.62216pt too wide) in paragraph at lines 20--23
\JY1/mc/m/n/10 カ
 []


Overfull \hbox (9.62216pt too wide) in paragraph at lines 20--23
\JY1/mc/m/n/10 メ
 []


Overfull \hbox (9.62216pt too wide) in paragraph at lines 20--23
\JY1/mc/m/n/10 ラ
 []


Overfull \hbox (9.62216pt too wide) in paragraph at lines 20--23
\JY1/mc/m/n/10 と
 []


Overfull \hbox (9.62216pt too wide) in paragraph at lines 20--23
\JY1/mc/m/n/10 三
 []


Overfull \hbox (9.62216pt too wide) in paragraph at lines 20--23
\JY1/mc/m/n/10 次
 []


Overfull \hbox (9.62216pt too wide) in paragraph at lines 20--23
\JY1/mc/m/n/10 元
 []


Overfull \hbox (9.62216pt too wide) in paragraph at lines 20--23
\JY1/mc/m/n/10 地
 []


Overfull \hbox (9.62216pt too wide) in paragraph at lines 20--23
\JY1/mc/m/n/10 図
 []


Overfull \hbox (9.62216pt too wide) in paragraph at lines 20--23
\JY1/mc/m/n/10 を
 []


Overfull \hbox (9.62216pt too wide) in paragraph at lines 20--23
\JY1/mc/m/n/10 用
 []


Overfull \hbox (9.62216pt too wide) in paragraph at lines 20--23
\JY1/mc/m/n/10 い
 []


Overfull \hbox (9.62216pt too wide) in paragraph at lines 20--23
\JY1/mc/m/n/10 た
 []


Overfull \hbox (9.62216pt too wide) in paragraph at lines 20--23
\JY1/mc/m/n/10 動
 []


Overfull \hbox (9.62216pt too wide) in paragraph at lines 20--23
\JY1/mc/m/n/10 的
 []


Overfull \hbox (9.62216pt too wide) in paragraph at lines 20--23
\JY1/mc/m/n/10 障
 []


Overfull \hbox (9.62216pt too wide) in paragraph at lines 20--23
\JY1/mc/m/n/10 害
 []


Overfull \hbox (9.62216pt too wide) in paragraph at lines 20--23
\JY1/mc/m/n/10 物
 []


Overfull \hbox (9.62216pt too wide) in paragraph at lines 20--23
\JY1/mc/m/n/10 の
 []


Overfull \hbox (9.62216pt too wide) in paragraph at lines 20--23
\JY1/mc/m/n/10 検
 []


Overfull \hbox (9.62216pt too wide) in paragraph at lines 20--23
\JY1/mc/m/n/10 出
 []


Overfull \hbox (9.62216pt too wide) in paragraph at lines 20--23
\JY1/mc/m/n/10 と
 []


Overfull \hbox (9.62216pt too wide) in paragraph at lines 20--23
\JY1/mc/m/n/10 三
 []


Overfull \hbox (9.62216pt too wide) in paragraph at lines 20--23
\JY1/mc/m/n/10 次
 []


Overfull \hbox (9.62216pt too wide) in paragraph at lines 20--23
\JY1/mc/m/n/10 元
 []


Overfull \hbox (9.62216pt too wide) in paragraph at lines 20--23
\JY1/mc/m/n/10 復
 []


Overfull \hbox (17.39996pt too wide) in paragraph at lines 20--23
\JY1/mc/m/n/10 元\OT1/cmr/m/n/10 ,''
 []


Overfull \hbox (9.62216pt too wide) in paragraph at lines 20--23
\JY1/mc/m/n/10 計
 []


Overfull \hbox (9.62216pt too wide) in paragraph at lines 20--23
\JY1/mc/m/n/10 測
 []


Overfull \hbox (9.62216pt too wide) in paragraph at lines 20--23
\JY1/mc/m/n/10 自
 []


Overfull \hbox (9.62216pt too wide) in paragraph at lines 20--23
\JY1/mc/m/n/10 動
 []


Overfull \hbox (9.62216pt too wide) in paragraph at lines 20--23
\JY1/mc/m/n/10 制
 []


Overfull \hbox (9.62216pt too wide) in paragraph at lines 20--23
\JY1/mc/m/n/10 御
 []


Overfull \hbox (9.62216pt too wide) in paragraph at lines 20--23
\JY1/mc/m/n/10 学
 []


Overfull \hbox (9.62216pt too wide) in paragraph at lines 20--23
\JY1/mc/m/n/10 会
 []


Overfull \hbox (9.62216pt too wide) in paragraph at lines 20--23
\JY1/mc/m/n/10 論
 []


Overfull \hbox (9.62216pt too wide) in paragraph at lines 20--23
\JY1/mc/m/n/10 文
 []


Overfull \hbox (12.39995pt too wide) in paragraph at lines 20--23
\JY1/mc/m/n/10 集\OT1/cmr/m/n/10 ,
 []


Overfull \hbox (31.66675pt too wide) in paragraph at lines 20--23
[]\OT1/cmr/m/n/10 ,
 []


Overfull \hbox (24.4445pt too wide) in paragraph at lines 20--23
[]\OT1/cmr/m/n/10 ,
 []


Overfull \hbox (45.00012pt too wide) in paragraph at lines 20--23
[]\OT1/cmr/m/n/10 ,
 []


Overfull \hbox (22.77785pt too wide) in paragraph at lines 20--23
\OT1/cmr/m/n/10 2021. 
 []


! LaTeX Error: Lonely \item--perhaps a missing list environment.

See the LaTeX manual or LaTeX Companion for explanation.
Type  H <return>  for immediate help.
 ...                                              
                                                  
l.24 \bibitem[金原 2022]{金原2022}
                                  
Try typing  <return>  to proceed.
If that doesn't work, type  X <return>  to quit.

\bibcite{金原2022}{金原 2022}
! Undefined control sequence.
l.26 ^^I\newblock
                  ``自律走行車の軌道生成における不確定な動的障害物への対処方...
The control sequence at the end of the top line
of your error message was never \def'ed. If you have
misspelled it (e.g., `\hobx'), type `I' and the correct
spelling (e.g., `I\hbox'). Otherwise just continue,
and I'll forget about whatever was undefined.

! Undefined control sequence.
l.27 ^^I\newblock
                  2022年第65回自動制御連合講演会,  \mbox{pp.~462--467}, 2022.\\
The control sequence at the end of the top line
of your error message was never \def'ed. If you have
misspelled it (e.g., `\hobx'), type `I' and the correct
spelling (e.g., `I\hbox'). Otherwise just continue,
and I'll forget about whatever was undefined.


Overfull \hbox (9.62216pt too wide) in paragraph at lines 25--28
[]\JY1/mc/m/n/10 金
 []


Overfull \hbox (9.62216pt too wide) in paragraph at lines 25--28
\JY1/mc/m/n/10 原
 []


Overfull \hbox (12.65881pt too wide) in paragraph at lines 25--28
\JY1/mc/m/n/10 翔 ，
 []


Overfull \hbox (9.62216pt too wide) in paragraph at lines 25--28
\JY1/mc/m/n/10 米
 []


Overfull \hbox (9.62216pt too wide) in paragraph at lines 25--28
\JY1/mc/m/n/10 谷
 []


Overfull \hbox (9.62216pt too wide) in paragraph at lines 25--28
\JY1/mc/m/n/10 昭
 []


Overfull \hbox (12.39995pt too wide) in paragraph at lines 25--28
\JY1/mc/m/n/10 彦\OT1/cmr/m/n/10 :
 []


Overfull \hbox (5.00002pt too wide) in paragraph at lines 25--28
\OT1/cmr/m/n/10 ``
 []


Overfull \hbox (9.62216pt too wide) in paragraph at lines 25--28
\JY1/mc/m/n/10 自
 []


Overfull \hbox (9.62216pt too wide) in paragraph at lines 25--28
\JY1/mc/m/n/10 律
 []


Overfull \hbox (9.62216pt too wide) in paragraph at lines 25--28
\JY1/mc/m/n/10 走
 []


Overfull \hbox (9.62216pt too wide) in paragraph at lines 25--28
\JY1/mc/m/n/10 行
 []


Overfull \hbox (9.62216pt too wide) in paragraph at lines 25--28
\JY1/mc/m/n/10 車
 []


Overfull \hbox (9.62216pt too wide) in paragraph at lines 25--28
\JY1/mc/m/n/10 の
 []


Overfull \hbox (9.62216pt too wide) in paragraph at lines 25--28
\JY1/mc/m/n/10 軌
 []


Overfull \hbox (9.62216pt too wide) in paragraph at lines 25--28
\JY1/mc/m/n/10 道
 []


Overfull \hbox (9.62216pt too wide) in paragraph at lines 25--28
\JY1/mc/m/n/10 生
 []


Overfull \hbox (9.62216pt too wide) in paragraph at lines 25--28
\JY1/mc/m/n/10 成
 []


Overfull \hbox (9.62216pt too wide) in paragraph at lines 25--28
\JY1/mc/m/n/10 に
 []


Overfull \hbox (9.62216pt too wide) in paragraph at lines 25--28
\JY1/mc/m/n/10 お
 []


Overfull \hbox (9.62216pt too wide) in paragraph at lines 25--28
\JY1/mc/m/n/10 け
 []


Overfull \hbox (9.62216pt too wide) in paragraph at lines 25--28
\JY1/mc/m/n/10 る
 []


Overfull \hbox (9.62216pt too wide) in paragraph at lines 25--28
\JY1/mc/m/n/10 不
 []


Overfull \hbox (9.62216pt too wide) in paragraph at lines 25--28
\JY1/mc/m/n/10 確
 []


Overfull \hbox (9.62216pt too wide) in paragraph at lines 25--28
\JY1/mc/m/n/10 定
 []


Overfull \hbox (9.62216pt too wide) in paragraph at lines 25--28
\JY1/mc/m/n/10 な
 []


Overfull \hbox (9.62216pt too wide) in paragraph at lines 25--28
\JY1/mc/m/n/10 動
 []


Overfull \hbox (9.62216pt too wide) in paragraph at lines 25--28
\JY1/mc/m/n/10 的
 []


Overfull \hbox (9.62216pt too wide) in paragraph at lines 25--28
\JY1/mc/m/n/10 障
 []


Overfull \hbox (9.62216pt too wide) in paragraph at lines 25--28
\JY1/mc/m/n/10 害
 []


Overfull \hbox (9.62216pt too wide) in paragraph at lines 25--28
\JY1/mc/m/n/10 物
 []


Overfull \hbox (9.62216pt too wide) in paragraph at lines 25--28
\JY1/mc/m/n/10 へ
 []


Overfull \hbox (9.62216pt too wide) in paragraph at lines 25--28
\JY1/mc/m/n/10 の
 []


Overfull \hbox (9.62216pt too wide) in paragraph at lines 25--28
\JY1/mc/m/n/10 対
 []


Overfull \hbox (9.62216pt too wide) in paragraph at lines 25--28
\JY1/mc/m/n/10 処
 []


Overfull \hbox (9.62216pt too wide) in paragraph at lines 25--28
\JY1/mc/m/n/10 方
 []


Overfull \hbox (17.39996pt too wide) in paragraph at lines 25--28
\JY1/mc/m/n/10 法\OT1/cmr/m/n/10 ,''
 []


Overfull \hbox (20.00006pt too wide) in paragraph at lines 25--28
\OT1/cmr/m/n/10 2022
 []


Overfull \hbox (9.62216pt too wide) in paragraph at lines 25--28
\JY1/mc/m/n/10 年
 []


Overfull \hbox (9.62216pt too wide) in paragraph at lines 25--28
\JY1/mc/m/n/10 第
 []


Overfull \hbox (10.00003pt too wide) in paragraph at lines 25--28
\OT1/cmr/m/n/10 65
 []


Overfull \hbox (9.62216pt too wide) in paragraph at lines 25--28
\JY1/mc/m/n/10 回
 []


Overfull \hbox (9.62216pt too wide) in paragraph at lines 25--28
\JY1/mc/m/n/10 自
 []


Overfull \hbox (9.62216pt too wide) in paragraph at lines 25--28
\JY1/mc/m/n/10 動
 []


Overfull \hbox (9.62216pt too wide) in paragraph at lines 25--28
\JY1/mc/m/n/10 制
 []


Overfull \hbox (9.62216pt too wide) in paragraph at lines 25--28
\JY1/mc/m/n/10 御
 []


Overfull \hbox (9.62216pt too wide) in paragraph at lines 25--28
\JY1/mc/m/n/10 連
 []


Overfull \hbox (9.62216pt too wide) in paragraph at lines 25--28
\JY1/mc/m/n/10 合
 []


Overfull \hbox (9.62216pt too wide) in paragraph at lines 25--28
\JY1/mc/m/n/10 講
 []


Overfull \hbox (9.62216pt too wide) in paragraph at lines 25--28
\JY1/mc/m/n/10 演
 []


Overfull \hbox (12.39995pt too wide) in paragraph at lines 25--28
\JY1/mc/m/n/10 会\OT1/cmr/m/n/10 ,
 []


Overfull \hbox (55.00015pt too wide) in paragraph at lines 25--28
[]\OT1/cmr/m/n/10 ,
 []


Overfull \hbox (22.77785pt too wide) in paragraph at lines 25--28
\OT1/cmr/m/n/10 2022. 
 []


! LaTeX Error: Lonely \item--perhaps a missing list environment.

See the LaTeX manual or LaTeX Companion for explanation.
Type  H <return>  for immediate help.
 ...                                              
                                                  
l.29 \bibitem[河野 2022]{河野2022}
                                  
Try typing  <return>  to proceed.
If that doesn't work, type  X <return>  to quit.

\bibcite{河野2022}{河野 2022}
! Undefined control sequence.
l.31 ^^I\newblock
                  ``知識選択型転移強化学習を用いたシニアカーの自律運転,''
The control sequence at the end of the top line
of your error message was never \def'ed. If you have
misspelled it (e.g., `\hobx'), type `I' and the correct
spelling (e.g., `I\hbox'). Otherwise just continue,
and I'll forget about whatever was undefined.

! Undefined control sequence.
l.32 ^^I\newblock
                  2022年電気学会電子・情報・システム部門大会,  \mbox{no.~115...
The control sequence at the end of the top line
of your error message was never \def'ed. If you have
misspelled it (e.g., `\hobx'), type `I' and the correct
spelling (e.g., `I\hbox'). Otherwise just continue,
and I'll forget about whatever was undefined.


Overfull \hbox (9.62216pt too wide) in paragraph at lines 30--33
[]\JY1/mc/m/n/10 河
 []


Overfull \hbox (9.62216pt too wide) in paragraph at lines 30--33
\JY1/mc/m/n/10 野
 []


Overfull \hbox (12.65881pt too wide) in paragraph at lines 30--33
\JY1/mc/m/n/10 仁 ，
 []


Overfull \hbox (9.62216pt too wide) in paragraph at lines 30--33
\JY1/mc/m/n/10 坂
 []


Overfull \hbox (9.62216pt too wide) in paragraph at lines 30--33
\JY1/mc/m/n/10 本
 []


Overfull \hbox (9.62216pt too wide) in paragraph at lines 30--33
\JY1/mc/m/n/10 裕
 []


Overfull \hbox (12.65881pt too wide) in paragraph at lines 30--33
\JY1/mc/m/n/10 都 ，
 []


Overfull \hbox (9.62216pt too wide) in paragraph at lines 30--33
\JY1/mc/m/n/10 温
 []


Overfull \hbox (12.65881pt too wide) in paragraph at lines 30--33
\JY1/mc/m/n/10 文 ，
 []


Overfull \hbox (9.62216pt too wide) in paragraph at lines 30--33
\JY1/mc/m/n/10 藤
 []


Overfull \hbox (9.62216pt too wide) in paragraph at lines 30--33
\JY1/mc/m/n/10 井
 []


Overfull \hbox (9.62216pt too wide) in paragraph at lines 30--33
\JY1/mc/m/n/10 浩
 []


Overfull \hbox (12.65881pt too wide) in paragraph at lines 30--33
\JY1/mc/m/n/10 光 ，
 []


Overfull \hbox (9.62216pt too wide) in paragraph at lines 30--33
\JY1/mc/m/n/10 池
 []


Overfull \hbox (9.62216pt too wide) in paragraph at lines 30--33
\JY1/mc/m/n/10 勇
 []


Overfull \hbox (12.65881pt too wide) in paragraph at lines 30--33
\JY1/mc/m/n/10 勳 ，
 []


Overfull \hbox (9.62216pt too wide) in paragraph at lines 30--33
\JY1/mc/m/n/10 鈴
 []


Overfull \hbox (9.62216pt too wide) in paragraph at lines 30--33
\JY1/mc/m/n/10 木
 []


Overfull \hbox (12.39995pt too wide) in paragraph at lines 30--33
\JY1/mc/m/n/10 剛\OT1/cmr/m/n/10 :
 []


Overfull \hbox (5.00002pt too wide) in paragraph at lines 30--33
\OT1/cmr/m/n/10 ``
 []


Overfull \hbox (9.62216pt too wide) in paragraph at lines 30--33
\JY1/mc/m/n/10 知
 []


Overfull \hbox (9.62216pt too wide) in paragraph at lines 30--33
\JY1/mc/m/n/10 識
 []


Overfull \hbox (9.62216pt too wide) in paragraph at lines 30--33
\JY1/mc/m/n/10 選
 []


Overfull \hbox (9.62216pt too wide) in paragraph at lines 30--33
\JY1/mc/m/n/10 択
 []


Overfull \hbox (9.62216pt too wide) in paragraph at lines 30--33
\JY1/mc/m/n/10 型
 []


Overfull \hbox (9.62216pt too wide) in paragraph at lines 30--33
\JY1/mc/m/n/10 転
 []


Overfull \hbox (9.62216pt too wide) in paragraph at lines 30--33
\JY1/mc/m/n/10 移
 []


Overfull \hbox (9.62216pt too wide) in paragraph at lines 30--33
\JY1/mc/m/n/10 強
 []


Overfull \hbox (9.62216pt too wide) in paragraph at lines 30--33
\JY1/mc/m/n/10 化
 []


Overfull \hbox (9.62216pt too wide) in paragraph at lines 30--33
\JY1/mc/m/n/10 学
 []


Overfull \hbox (9.62216pt too wide) in paragraph at lines 30--33
\JY1/mc/m/n/10 習
 []


Overfull \hbox (9.62216pt too wide) in paragraph at lines 30--33
\JY1/mc/m/n/10 を
 []


Overfull \hbox (9.62216pt too wide) in paragraph at lines 30--33
\JY1/mc/m/n/10 用
 []


Overfull \hbox (9.62216pt too wide) in paragraph at lines 30--33
\JY1/mc/m/n/10 い
 []


Overfull \hbox (9.62216pt too wide) in paragraph at lines 30--33
\JY1/mc/m/n/10 た
 []


Overfull \hbox (9.62216pt too wide) in paragraph at lines 30--33
\JY1/mc/m/n/10 シ
 []


Overfull \hbox (9.62216pt too wide) in paragraph at lines 30--33
\JY1/mc/m/n/10 ニ
 []


Overfull \hbox (9.62216pt too wide) in paragraph at lines 30--33
\JY1/mc/m/n/10 ア
 []


Overfull \hbox (18.74432pt too wide) in paragraph at lines 30--33
\JY1/mc/m/n/10 カ ー
 []


Overfull \hbox (9.62216pt too wide) in paragraph at lines 30--33
\JY1/mc/m/n/10 の
 []


Overfull \hbox (9.62216pt too wide) in paragraph at lines 30--33
\JY1/mc/m/n/10 自
 []


Overfull \hbox (9.62216pt too wide) in paragraph at lines 30--33
\JY1/mc/m/n/10 律
 []


Overfull \hbox (9.62216pt too wide) in paragraph at lines 30--33
\JY1/mc/m/n/10 運
 []


Overfull \hbox (17.39996pt too wide) in paragraph at lines 30--33
\JY1/mc/m/n/10 転\OT1/cmr/m/n/10 ,''
 []


Overfull \hbox (20.00006pt too wide) in paragraph at lines 30--33
\OT1/cmr/m/n/10 2022
 []


Overfull \hbox (9.62216pt too wide) in paragraph at lines 30--33
\JY1/mc/m/n/10 年
 []


Overfull \hbox (9.62216pt too wide) in paragraph at lines 30--33
\JY1/mc/m/n/10 電
 []


Overfull \hbox (9.62216pt too wide) in paragraph at lines 30--33
\JY1/mc/m/n/10 気
 []


Overfull \hbox (9.62216pt too wide) in paragraph at lines 30--33
\JY1/mc/m/n/10 学
 []


Overfull \hbox (9.62216pt too wide) in paragraph at lines 30--33
\JY1/mc/m/n/10 会
 []


Overfull \hbox (9.62216pt too wide) in paragraph at lines 30--33
\JY1/mc/m/n/10 電
 []


Overfull \hbox (13.15881pt too wide) in paragraph at lines 30--33
\JY1/mc/m/n/10 子 ・
 []


Overfull \hbox (9.62216pt too wide) in paragraph at lines 30--33
\JY1/mc/m/n/10 情
 []


Overfull \hbox (13.15881pt too wide) in paragraph at lines 30--33
\JY1/mc/m/n/10 報 ・
 []


Overfull \hbox (9.62216pt too wide) in paragraph at lines 30--33
\JY1/mc/m/n/10 シ
 []


Overfull \hbox (9.62216pt too wide) in paragraph at lines 30--33
\JY1/mc/m/n/10 ス
 []


Overfull \hbox (9.62216pt too wide) in paragraph at lines 30--33
\JY1/mc/m/n/10 テ
 []


Overfull \hbox (9.62216pt too wide) in paragraph at lines 30--33
\JY1/mc/m/n/10 ム
 []


Overfull \hbox (9.62216pt too wide) in paragraph at lines 30--33
\JY1/mc/m/n/10 部
 []


Overfull \hbox (9.62216pt too wide) in paragraph at lines 30--33
\JY1/mc/m/n/10 門
 []


Overfull \hbox (9.62216pt too wide) in paragraph at lines 30--33
\JY1/mc/m/n/10 大
 []


Overfull \hbox (12.39995pt too wide) in paragraph at lines 30--33
\JY1/mc/m/n/10 会\OT1/cmr/m/n/10 ,
 []


Overfull \hbox (39.44455pt too wide) in paragraph at lines 30--33
[]\OT1/cmr/m/n/10 ,
 []


Overfull \hbox (55.00015pt too wide) in paragraph at lines 30--33
[]\OT1/cmr/m/n/10 ,
 []


Overfull \hbox (22.77785pt too wide) in paragraph at lines 30--33
\OT1/cmr/m/n/10 2022. 
 []


! LaTeX Error: Lonely \item--perhaps a missing list environment.

See the LaTeX manual or LaTeX Companion for explanation.
Type  H <return>  for immediate help.
 ...                                              
                                                  
l.35 \bibitem[勞 2018]{勞2018}
                              
Try typing  <return>  to proceed.
If that doesn't work, type  X <return>  to quit.

\bibcite{勞2018}{勞 2018}
! Undefined control sequence.
<recently read> \Chinese 
                         
l.36 ^^I\leavevmode \\\Chinese
                              {勞 世?}, 陳 謙:
The control sequence at the end of the top line
of your error message was never \def'ed. If you have
misspelled it (e.g., `\hobx'), type `I' and the correct
spelling (e.g., `I\hbox'). Otherwise just continue,
and I'll forget about whatever was undefined.

! Undefined control sequence.
l.37 ^^I\newblock
                  ``自動運転システムにおけるAI技術,''
The control sequence at the end of the top line
of your error message was never \def'ed. If you have
misspelled it (e.g., `\hobx'), type `I' and the correct
spelling (e.g., `I\hbox'). Otherwise just continue,
and I'll forget about whatever was undefined.

! Undefined control sequence.
l.38 ^^I\newblock
                  計測と制御,  \mbox{vol.~57}, \mbox{no.~7},\mbox{pp.~493--4...
The control sequence at the end of the top line
of your error message was never \def'ed. If you have
misspelled it (e.g., `\hobx'), type `I' and the correct
spelling (e.g., `I\hbox'). Otherwise just continue,
and I'll forget about whatever was undefined.


Overfull \hbox (9.62216pt too wide) in paragraph at lines 36--39
[]\JY1/mc/m/n/10 勞
 []


Overfull \hbox (17.12218pt too wide) in paragraph at lines 36--39
\JY1/mc/m/n/10 世\OT1/cmr/m/n/10 ?,
 []


Overfull \hbox (9.62216pt too wide) in paragraph at lines 36--39
\JY1/mc/m/n/10 陳
 []


Overfull \hbox (12.39995pt too wide) in paragraph at lines 36--39
\JY1/mc/m/n/10 謙\OT1/cmr/m/n/10 :
 []


Overfull \hbox (5.00002pt too wide) in paragraph at lines 36--39
\OT1/cmr/m/n/10 ``
 []


Overfull \hbox (9.62216pt too wide) in paragraph at lines 36--39
\JY1/mc/m/n/10 自
 []


Overfull \hbox (9.62216pt too wide) in paragraph at lines 36--39
\JY1/mc/m/n/10 動
 []


Overfull \hbox (9.62216pt too wide) in paragraph at lines 36--39
\JY1/mc/m/n/10 運
 []


Overfull \hbox (9.62216pt too wide) in paragraph at lines 36--39
\JY1/mc/m/n/10 転
 []


Overfull \hbox (9.62216pt too wide) in paragraph at lines 36--39
\JY1/mc/m/n/10 シ
 []


Overfull \hbox (9.62216pt too wide) in paragraph at lines 36--39
\JY1/mc/m/n/10 ス
 []


Overfull \hbox (9.62216pt too wide) in paragraph at lines 36--39
\JY1/mc/m/n/10 テ
 []


Overfull \hbox (9.62216pt too wide) in paragraph at lines 36--39
\JY1/mc/m/n/10 ム
 []


Overfull \hbox (9.62216pt too wide) in paragraph at lines 36--39
\JY1/mc/m/n/10 に
 []


Overfull \hbox (9.62216pt too wide) in paragraph at lines 36--39
\JY1/mc/m/n/10 お
 []


Overfull \hbox (9.62216pt too wide) in paragraph at lines 36--39
\JY1/mc/m/n/10 け
 []


Overfull \hbox (9.62216pt too wide) in paragraph at lines 36--39
\JY1/mc/m/n/10 る
 []


Overfull \hbox (11.11113pt too wide) in paragraph at lines 36--39
\OT1/cmr/m/n/10 AI
 []


Overfull \hbox (9.62216pt too wide) in paragraph at lines 36--39
\JY1/mc/m/n/10 技
 []


Overfull \hbox (17.39996pt too wide) in paragraph at lines 36--39
\JY1/mc/m/n/10 術\OT1/cmr/m/n/10 ,''
 []


Overfull \hbox (9.62216pt too wide) in paragraph at lines 36--39
\JY1/mc/m/n/10 計
 []


Overfull \hbox (9.62216pt too wide) in paragraph at lines 36--39
\JY1/mc/m/n/10 測
 []


Overfull \hbox (9.62216pt too wide) in paragraph at lines 36--39
\JY1/mc/m/n/10 と
 []


Overfull \hbox (9.62216pt too wide) in paragraph at lines 36--39
\JY1/mc/m/n/10 制
 []


Overfull \hbox (12.39995pt too wide) in paragraph at lines 36--39
\JY1/mc/m/n/10 御\OT1/cmr/m/n/10 ,
 []


Overfull \hbox (31.66675pt too wide) in paragraph at lines 36--39
[]\OT1/cmr/m/n/10 ,
 []


Overfull \hbox (79.44466pt too wide) in paragraph at lines 36--39
[]\OT1/cmr/m/n/10 ,[],
 []


Overfull \hbox (22.77785pt too wide) in paragraph at lines 36--39
\OT1/cmr/m/n/10 2018. 
 []


! LaTeX Error: Lonely \item--perhaps a missing list environment.

See the LaTeX manual or LaTeX Companion for explanation.
Type  H <return>  for immediate help.
 ...                                              
                                                  
l.40 \bibitem[齋藤 2014]{齋藤2014}
                                  
Try typing  <return>  to proceed.
If that doesn't work, type  X <return>  to quit.

\bibcite{齋藤2014}{齋藤 2014}
! Undefined control sequence.
l.42 ^^I\newblock
                  ``強化学習における効率的な転移学習適用に関する一考察,''
The control sequence at the end of the top line
of your error message was never \def'ed. If you have
misspelled it (e.g., `\hobx'), type `I' and the correct
spelling (e.g., `I\hbox'). Otherwise just continue,
and I'll forget about whatever was undefined.

! Undefined control sequence.
l.43 ^^I\newblock
                  2014年度第28回人工知能学生全国大会,  \mbox{no.~3}, \mbox{p...
The control sequence at the end of the top line
of your error message was never \def'ed. If you have
misspelled it (e.g., `\hobx'), type `I' and the correct
spelling (e.g., `I\hbox'). Otherwise just continue,
and I'll forget about whatever was undefined.


Overfull \hbox (9.62216pt too wide) in paragraph at lines 41--44
[]\JY1/mc/m/n/10 齋
 []


Overfull \hbox (9.62216pt too wide) in paragraph at lines 41--44
\JY1/mc/m/n/10 藤
 []


Overfull \hbox (12.65881pt too wide) in paragraph at lines 41--44
\JY1/mc/m/n/10 碧 ，
 []


Overfull \hbox (9.62216pt too wide) in paragraph at lines 41--44
\JY1/mc/m/n/10 小
 []


Overfull \hbox (9.62216pt too wide) in paragraph at lines 41--44
\JY1/mc/m/n/10 林
 []


Overfull \hbox (9.62216pt too wide) in paragraph at lines 41--44
\JY1/mc/m/n/10 一
 []


Overfull \hbox (12.39995pt too wide) in paragraph at lines 41--44
\JY1/mc/m/n/10 郎\OT1/cmr/m/n/10 :
 []


Overfull \hbox (5.00002pt too wide) in paragraph at lines 41--44
\OT1/cmr/m/n/10 ``
 []


Overfull \hbox (9.62216pt too wide) in paragraph at lines 41--44
\JY1/mc/m/n/10 強
 []


Overfull \hbox (9.62216pt too wide) in paragraph at lines 41--44
\JY1/mc/m/n/10 化
 []


Overfull \hbox (9.62216pt too wide) in paragraph at lines 41--44
\JY1/mc/m/n/10 学
 []


Overfull \hbox (9.62216pt too wide) in paragraph at lines 41--44
\JY1/mc/m/n/10 習
 []


Overfull \hbox (9.62216pt too wide) in paragraph at lines 41--44
\JY1/mc/m/n/10 に
 []


Overfull \hbox (9.62216pt too wide) in paragraph at lines 41--44
\JY1/mc/m/n/10 お
 []


Overfull \hbox (9.62216pt too wide) in paragraph at lines 41--44
\JY1/mc/m/n/10 け
 []


Overfull \hbox (9.62216pt too wide) in paragraph at lines 41--44
\JY1/mc/m/n/10 る
 []


Overfull \hbox (9.62216pt too wide) in paragraph at lines 41--44
\JY1/mc/m/n/10 効
 []


Overfull \hbox (9.62216pt too wide) in paragraph at lines 41--44
\JY1/mc/m/n/10 率
 []


Overfull \hbox (9.62216pt too wide) in paragraph at lines 41--44
\JY1/mc/m/n/10 的
 []


Overfull \hbox (9.62216pt too wide) in paragraph at lines 41--44
\JY1/mc/m/n/10 な
 []


Overfull \hbox (9.62216pt too wide) in paragraph at lines 41--44
\JY1/mc/m/n/10 転
 []


Overfull \hbox (9.62216pt too wide) in paragraph at lines 41--44
\JY1/mc/m/n/10 移
 []


Overfull \hbox (9.62216pt too wide) in paragraph at lines 41--44
\JY1/mc/m/n/10 学
 []


Overfull \hbox (9.62216pt too wide) in paragraph at lines 41--44
\JY1/mc/m/n/10 習
 []


Overfull \hbox (9.62216pt too wide) in paragraph at lines 41--44
\JY1/mc/m/n/10 適
 []


Overfull \hbox (9.62216pt too wide) in paragraph at lines 41--44
\JY1/mc/m/n/10 用
 []


Overfull \hbox (9.62216pt too wide) in paragraph at lines 41--44
\JY1/mc/m/n/10 に
 []


Overfull \hbox (9.62216pt too wide) in paragraph at lines 41--44
\JY1/mc/m/n/10 関
 []


Overfull \hbox (9.62216pt too wide) in paragraph at lines 41--44
\JY1/mc/m/n/10 す
 []


Overfull \hbox (9.62216pt too wide) in paragraph at lines 41--44
\JY1/mc/m/n/10 る
 []


Overfull \hbox (9.62216pt too wide) in paragraph at lines 41--44
\JY1/mc/m/n/10 一
 []


Overfull \hbox (9.62216pt too wide) in paragraph at lines 41--44
\JY1/mc/m/n/10 考
 []


Overfull \hbox (17.39996pt too wide) in paragraph at lines 41--44
\JY1/mc/m/n/10 察\OT1/cmr/m/n/10 ,''
 []


Overfull \hbox (20.00006pt too wide) in paragraph at lines 41--44
\OT1/cmr/m/n/10 2014
 []


Overfull \hbox (9.62216pt too wide) in paragraph at lines 41--44
\JY1/mc/m/n/10 年
 []


Overfull \hbox (9.62216pt too wide) in paragraph at lines 41--44
\JY1/mc/m/n/10 度
 []


Overfull \hbox (9.62216pt too wide) in paragraph at lines 41--44
\JY1/mc/m/n/10 第
 []


Overfull \hbox (10.00003pt too wide) in paragraph at lines 41--44
\OT1/cmr/m/n/10 28
 []


Overfull \hbox (9.62216pt too wide) in paragraph at lines 41--44
\JY1/mc/m/n/10 回
 []


Overfull \hbox (9.62216pt too wide) in paragraph at lines 41--44
\JY1/mc/m/n/10 人
 []


Overfull \hbox (9.62216pt too wide) in paragraph at lines 41--44
\JY1/mc/m/n/10 工
 []


Overfull \hbox (9.62216pt too wide) in paragraph at lines 41--44
\JY1/mc/m/n/10 知
 []


Overfull \hbox (9.62216pt too wide) in paragraph at lines 41--44
\JY1/mc/m/n/10 能
 []


Overfull \hbox (9.62216pt too wide) in paragraph at lines 41--44
\JY1/mc/m/n/10 学
 []


Overfull \hbox (9.62216pt too wide) in paragraph at lines 41--44
\JY1/mc/m/n/10 生
 []


Overfull \hbox (9.62216pt too wide) in paragraph at lines 41--44
\JY1/mc/m/n/10 全
 []


Overfull \hbox (9.62216pt too wide) in paragraph at lines 41--44
\JY1/mc/m/n/10 国
 []


Overfull \hbox (9.62216pt too wide) in paragraph at lines 41--44
\JY1/mc/m/n/10 大
 []


Overfull \hbox (12.39995pt too wide) in paragraph at lines 41--44
\JY1/mc/m/n/10 会\OT1/cmr/m/n/10 ,
 []


Overfull \hbox (24.4445pt too wide) in paragraph at lines 41--44
[]\OT1/cmr/m/n/10 ,
 []


Overfull \hbox (35.00009pt too wide) in paragraph at lines 41--44
[]\OT1/cmr/m/n/10 ,
 []


Overfull \hbox (22.77785pt too wide) in paragraph at lines 41--44
\OT1/cmr/m/n/10 2014. 
 []


! LaTeX Error: Lonely \item--perhaps a missing list environment.

See the LaTeX manual or LaTeX Companion for explanation.
Type  H <return>  for immediate help.
 ...                                              
                                                  
l.45 \bibitem[坂田 2022]{坂田2022}
                                  
Try typing  <return>  to proceed.
If that doesn't work, type  X <return>  to quit.

\bibcite{坂田2022}{坂田 2022}
! Undefined control sequence.
l.47 ^^I\newblock
                  ``強化学習における仮想環境と実環境における自動走行車いすの...
The control sequence at the end of the top line
of your error message was never \def'ed. If you have
misspelled it (e.g., `\hobx'), type `I' and the correct
spelling (e.g., `I\hbox'). Otherwise just continue,
and I'll forget about whatever was undefined.

! Undefined control sequence.
l.48 ^^I\newblock
                  第84回全国大会講演論文集, \mbox{pp.~81--82}, 2022.\\
The control sequence at the end of the top line
of your error message was never \def'ed. If you have
misspelled it (e.g., `\hobx'), type `I' and the correct
spelling (e.g., `I\hbox'). Otherwise just continue,
and I'll forget about whatever was undefined.


Overfull \hbox (9.62216pt too wide) in paragraph at lines 46--49
[]\JY1/mc/m/n/10 坂
 []


Overfull \hbox (9.62216pt too wide) in paragraph at lines 46--49
\JY1/mc/m/n/10 田
 []


Overfull \hbox (9.62216pt too wide) in paragraph at lines 46--49
\JY1/mc/m/n/10 悠
 []


Overfull \hbox (12.65881pt too wide) in paragraph at lines 46--49
\JY1/mc/m/n/10 馬 ，
 []


Overfull \hbox (9.62216pt too wide) in paragraph at lines 46--49
\JY1/mc/m/n/10 長
 []


Overfull \hbox (9.62216pt too wide) in paragraph at lines 46--49
\JY1/mc/m/n/10 尾
 []


Overfull \hbox (12.39995pt too wide) in paragraph at lines 46--49
\JY1/mc/m/n/10 確\OT1/cmr/m/n/10 :
 []


Overfull \hbox (5.00002pt too wide) in paragraph at lines 46--49
\OT1/cmr/m/n/10 ``
 []


Overfull \hbox (9.62216pt too wide) in paragraph at lines 46--49
\JY1/mc/m/n/10 強
 []


Overfull \hbox (9.62216pt too wide) in paragraph at lines 46--49
\JY1/mc/m/n/10 化
 []


Overfull \hbox (9.62216pt too wide) in paragraph at lines 46--49
\JY1/mc/m/n/10 学
 []


Overfull \hbox (9.62216pt too wide) in paragraph at lines 46--49
\JY1/mc/m/n/10 習
 []


Overfull \hbox (9.62216pt too wide) in paragraph at lines 46--49
\JY1/mc/m/n/10 に
 []


Overfull \hbox (9.62216pt too wide) in paragraph at lines 46--49
\JY1/mc/m/n/10 お
 []


Overfull \hbox (9.62216pt too wide) in paragraph at lines 46--49
\JY1/mc/m/n/10 け
 []


Overfull \hbox (9.62216pt too wide) in paragraph at lines 46--49
\JY1/mc/m/n/10 る
 []


Overfull \hbox (9.62216pt too wide) in paragraph at lines 46--49
\JY1/mc/m/n/10 仮
 []


Overfull \hbox (9.62216pt too wide) in paragraph at lines 46--49
\JY1/mc/m/n/10 想
 []


Overfull \hbox (9.62216pt too wide) in paragraph at lines 46--49
\JY1/mc/m/n/10 環
 []


Overfull \hbox (9.62216pt too wide) in paragraph at lines 46--49
\JY1/mc/m/n/10 境
 []


Overfull \hbox (9.62216pt too wide) in paragraph at lines 46--49
\JY1/mc/m/n/10 と
 []


Overfull \hbox (9.62216pt too wide) in paragraph at lines 46--49
\JY1/mc/m/n/10 実
 []


Overfull \hbox (9.62216pt too wide) in paragraph at lines 46--49
\JY1/mc/m/n/10 環
 []


Overfull \hbox (9.62216pt too wide) in paragraph at lines 46--49
\JY1/mc/m/n/10 境
 []


Overfull \hbox (9.62216pt too wide) in paragraph at lines 46--49
\JY1/mc/m/n/10 に
 []


Overfull \hbox (9.62216pt too wide) in paragraph at lines 46--49
\JY1/mc/m/n/10 お
 []


Overfull \hbox (9.62216pt too wide) in paragraph at lines 46--49
\JY1/mc/m/n/10 け
 []


Overfull \hbox (9.62216pt too wide) in paragraph at lines 46--49
\JY1/mc/m/n/10 る
 []


Overfull \hbox (9.62216pt too wide) in paragraph at lines 46--49
\JY1/mc/m/n/10 自
 []


Overfull \hbox (9.62216pt too wide) in paragraph at lines 46--49
\JY1/mc/m/n/10 動
 []


Overfull \hbox (9.62216pt too wide) in paragraph at lines 46--49
\JY1/mc/m/n/10 走
 []


Overfull \hbox (9.62216pt too wide) in paragraph at lines 46--49
\JY1/mc/m/n/10 行
 []


Overfull \hbox (9.62216pt too wide) in paragraph at lines 46--49
\JY1/mc/m/n/10 車
 []


Overfull \hbox (9.62216pt too wide) in paragraph at lines 46--49
\JY1/mc/m/n/10 い
 []


Overfull \hbox (9.62216pt too wide) in paragraph at lines 46--49
\JY1/mc/m/n/10 す
 []


Overfull \hbox (9.62216pt too wide) in paragraph at lines 46--49
\JY1/mc/m/n/10 の
 []


Overfull \hbox (9.62216pt too wide) in paragraph at lines 46--49
\JY1/mc/m/n/10 障
 []


Overfull \hbox (9.62216pt too wide) in paragraph at lines 46--49
\JY1/mc/m/n/10 害
 []


Overfull \hbox (9.62216pt too wide) in paragraph at lines 46--49
\JY1/mc/m/n/10 物
 []


Overfull \hbox (9.62216pt too wide) in paragraph at lines 46--49
\JY1/mc/m/n/10 回
 []


Overfull \hbox (17.39996pt too wide) in paragraph at lines 46--49
\JY1/mc/m/n/10 避\OT1/cmr/m/n/10 ,''
 []


Overfull \hbox (9.62216pt too wide) in paragraph at lines 46--49
\JY1/mc/m/n/10 第
 []


Overfull \hbox (10.00003pt too wide) in paragraph at lines 46--49
\OT1/cmr/m/n/10 84
 []


Overfull \hbox (9.62216pt too wide) in paragraph at lines 46--49
\JY1/mc/m/n/10 回
 []


Overfull \hbox (9.62216pt too wide) in paragraph at lines 46--49
\JY1/mc/m/n/10 全
 []


Overfull \hbox (9.62216pt too wide) in paragraph at lines 46--49
\JY1/mc/m/n/10 国
 []


Overfull \hbox (9.62216pt too wide) in paragraph at lines 46--49
\JY1/mc/m/n/10 大
 []


Overfull \hbox (9.62216pt too wide) in paragraph at lines 46--49
\JY1/mc/m/n/10 会
 []


Overfull \hbox (9.62216pt too wide) in paragraph at lines 46--49
\JY1/mc/m/n/10 講
 []


Overfull \hbox (9.62216pt too wide) in paragraph at lines 46--49
\JY1/mc/m/n/10 演
 []


Overfull \hbox (9.62216pt too wide) in paragraph at lines 46--49
\JY1/mc/m/n/10 論
 []


Overfull \hbox (9.62216pt too wide) in paragraph at lines 46--49
\JY1/mc/m/n/10 文
 []


Overfull \hbox (12.39995pt too wide) in paragraph at lines 46--49
\JY1/mc/m/n/10 集\OT1/cmr/m/n/10 ,
 []


Overfull \hbox (45.00012pt too wide) in paragraph at lines 46--49
[]\OT1/cmr/m/n/10 ,
 []


Overfull \hbox (22.77785pt too wide) in paragraph at lines 46--49
\OT1/cmr/m/n/10 2022. 
 []


! LaTeX Error: Lonely \item--perhaps a missing list environment.

See the LaTeX manual or LaTeX Companion for explanation.
Type  H <return>  for immediate help.
 ...                                              
                                                  
l.50 \bibitem[Sutton 1998]{Sutton1998}
                                      
Try typing  <return>  to proceed.
If that doesn't work, type  X <return>  to quit.

\bibcite{Sutton1998}{Sutton 1998}
! Undefined control sequence.
l.52 ^^I\newblock
                  強化学習,
The control sequence at the end of the top line
of your error message was never \def'ed. If you have
misspelled it (e.g., `\hobx'), type `I' and the correct
spelling (e.g., `I\hbox'). Otherwise just continue,
and I'll forget about whatever was undefined.

! Undefined control sequence.
l.53 ^^I\newblock
                  森北出版, 2000.\\
The control sequence at the end of the top line
of your error message was never \def'ed. If you have
misspelled it (e.g., `\hobx'), type `I' and the correct
spelling (e.g., `I\hbox'). Otherwise just continue,
and I'll forget about whatever was undefined.


Overfull \hbox (41.25006pt too wide) in paragraph at lines 51--54
[]\OT1/cmr/m/n/10 R. S. Sut-
 []


Overfull \hbox (17.22227pt too wide) in paragraph at lines 51--54
\OT1/cmr/m/n/10 ton,
 []


Overfull \hbox (43.70842pt too wide) in paragraph at lines 51--54
\OT1/cmr/m/n/10 A. Gbarto
 []


Overfull \hbox (14.1623pt too wide) in paragraph at lines 51--54
\JY1/mc/m/n/10 （ 三
 []


Overfull \hbox (9.62216pt too wide) in paragraph at lines 51--54
\JY1/mc/m/n/10 上
 []


Overfull \hbox (9.62216pt too wide) in paragraph at lines 51--54
\JY1/mc/m/n/10 貞
 []


Overfull \hbox (12.65881pt too wide) in paragraph at lines 51--54
\JY1/mc/m/n/10 芳 ，
 []


Overfull \hbox (9.62216pt too wide) in paragraph at lines 51--54
\JY1/mc/m/n/10 皆
 []


Overfull \hbox (9.62216pt too wide) in paragraph at lines 51--54
\JY1/mc/m/n/10 川
 []


Overfull \hbox (9.62216pt too wide) in paragraph at lines 51--54
\JY1/mc/m/n/10 雅
 []


Overfull \hbox (9.62216pt too wide) in paragraph at lines 51--54
\JY1/mc/m/n/10 章
 []


Overfull \hbox (14.1623pt too wide) in paragraph at lines 51--54
\JY1/mc/m/n/10 訳 ）
 []


Overfull \hbox (2.77779pt too wide) in paragraph at lines 51--54
\OT1/cmr/m/n/10 :
 []


Overfull \hbox (9.62216pt too wide) in paragraph at lines 51--54
\JY1/mc/m/n/10 強
 []


Overfull \hbox (9.62216pt too wide) in paragraph at lines 51--54
\JY1/mc/m/n/10 化
 []


Overfull \hbox (9.62216pt too wide) in paragraph at lines 51--54
\JY1/mc/m/n/10 学
 []


Overfull \hbox (12.39995pt too wide) in paragraph at lines 51--54
\JY1/mc/m/n/10 習\OT1/cmr/m/n/10 ,
 []


Overfull \hbox (9.62216pt too wide) in paragraph at lines 51--54
\JY1/mc/m/n/10 森
 []


Overfull \hbox (9.62216pt too wide) in paragraph at lines 51--54
\JY1/mc/m/n/10 北
 []


Overfull \hbox (9.62216pt too wide) in paragraph at lines 51--54
\JY1/mc/m/n/10 出
 []


Overfull \hbox (12.39995pt too wide) in paragraph at lines 51--54
\JY1/mc/m/n/10 版\OT1/cmr/m/n/10 ,
 []


Overfull \hbox (22.77785pt too wide) in paragraph at lines 51--54
\OT1/cmr/m/n/10 2000. 
 []


! LaTeX Error: Lonely \item--perhaps a missing list environment.

See the LaTeX manual or LaTeX Companion for explanation.
Type  H <return>  for immediate help.
 ...                                              
                                                  
l.55 ...安全委員会 2019]{米国家運輸安全委員会2019}
                                                  
Try typing  <return>  to proceed.
If that doesn't work, type  X <return>  to quit.

\bibcite{米国家運輸安全委員会2019}{米国家運輸安全委員会 2019}
! Undefined control sequence.
l.57 ^^I\newblock
                  ``事故を起こしたUber Technologiesの自動運転車,''
The control sequence at the end of the top line
of your error message was never \def'ed. If you have
misspelled it (e.g., `\hobx'), type `I' and the correct
spelling (e.g., `I\hbox'). Otherwise just continue,
and I'll forget about whatever was undefined.

! Undefined control sequence.
l.58 ^^I\newblock
                  \url{https://japan.cnet.com/article/35145765/}, 2019, \mbo...
The control sequence at the end of the top line
of your error message was never \def'ed. If you have
misspelled it (e.g., `\hobx'), type `I' and the correct
spelling (e.g., `I\hbox'). Otherwise just continue,
and I'll forget about whatever was undefined.

! Undefined control sequence.
l.58 ^^I\newblock \url
                      {https://japan.cnet.com/article/35145765/}, 2019, \mbo...
The control sequence at the end of the top line
of your error message was never \def'ed. If you have
misspelled it (e.g., `\hobx'), type `I' and the correct
spelling (e.g., `I\hbox'). Otherwise just continue,
and I'll forget about whatever was undefined.


Overfull \hbox (9.62216pt too wide) in paragraph at lines 56--59
[]\JY1/mc/m/n/10 米
 []


Overfull \hbox (9.62216pt too wide) in paragraph at lines 56--59
\JY1/mc/m/n/10 国
 []


Overfull \hbox (9.62216pt too wide) in paragraph at lines 56--59
\JY1/mc/m/n/10 家
 []


Overfull \hbox (9.62216pt too wide) in paragraph at lines 56--59
\JY1/mc/m/n/10 運
 []


Overfull \hbox (9.62216pt too wide) in paragraph at lines 56--59
\JY1/mc/m/n/10 輸
 []


Overfull \hbox (9.62216pt too wide) in paragraph at lines 56--59
\JY1/mc/m/n/10 安
 []


Overfull \hbox (9.62216pt too wide) in paragraph at lines 56--59
\JY1/mc/m/n/10 全
 []


Overfull \hbox (9.62216pt too wide) in paragraph at lines 56--59
\JY1/mc/m/n/10 委
 []


Overfull \hbox (9.62216pt too wide) in paragraph at lines 56--59
\JY1/mc/m/n/10 員
 []


Overfull \hbox (12.39995pt too wide) in paragraph at lines 56--59
\JY1/mc/m/n/10 会\OT1/cmr/m/n/10 :
 []


Overfull \hbox (5.00002pt too wide) in paragraph at lines 56--59
\OT1/cmr/m/n/10 ``
 []


Overfull \hbox (9.62216pt too wide) in paragraph at lines 56--59
\JY1/mc/m/n/10 事
 []


Overfull \hbox (9.62216pt too wide) in paragraph at lines 56--59
\JY1/mc/m/n/10 故
 []


Overfull \hbox (9.62216pt too wide) in paragraph at lines 56--59
\JY1/mc/m/n/10 を
 []


Overfull \hbox (9.62216pt too wide) in paragraph at lines 56--59
\JY1/mc/m/n/10 起
 []


Overfull \hbox (9.62216pt too wide) in paragraph at lines 56--59
\JY1/mc/m/n/10 こ
 []


Overfull \hbox (9.62216pt too wide) in paragraph at lines 56--59
\JY1/mc/m/n/10 し
 []


Overfull \hbox (9.62216pt too wide) in paragraph at lines 56--59
\JY1/mc/m/n/10 た
 []


Overfull \hbox (21.69449pt too wide) in paragraph at lines 56--59
\OT1/cmr/m/n/10 Uber
 []


Overfull \hbox (23.88889pt too wide) in paragraph at lines 56--59
\OT1/cmr/m/n/10 Tech-
 []


Overfull \hbox (21.66672pt too wide) in paragraph at lines 56--59
\OT1/cmr/m/n/10 nolo-
 []


Overfull \hbox (16.16669pt too wide) in paragraph at lines 56--59
\OT1/cmr/m/n/10 gies
 []


Overfull \hbox (9.62216pt too wide) in paragraph at lines 56--59
\JY1/mc/m/n/10 の
 []


Overfull \hbox (9.62216pt too wide) in paragraph at lines 56--59
\JY1/mc/m/n/10 自
 []


Overfull \hbox (9.62216pt too wide) in paragraph at lines 56--59
\JY1/mc/m/n/10 動
 []


Overfull \hbox (9.62216pt too wide) in paragraph at lines 56--59
\JY1/mc/m/n/10 運
 []


Overfull \hbox (9.62216pt too wide) in paragraph at lines 56--59
\JY1/mc/m/n/10 転
 []


Overfull \hbox (17.39996pt too wide) in paragraph at lines 56--59
\JY1/mc/m/n/10 車\OT1/cmr/m/n/10 ,''
 []


Overfull \hbox (186.19492pt too wide) in paragraph at lines 56--59
\OT1/cmr/m/n/10 https://japan.cnet.com/article/35145765/,
 []


Overfull \hbox (22.77785pt too wide) in paragraph at lines 56--59
\OT1/cmr/m/n/10 2019,
 []


Overfull \hbox (79.6055pt too wide) in paragraph at lines 56--59
[]\OT1/cmr/m/n/10 . 
 []


! LaTeX Error: Lonely \item--perhaps a missing list environment.

See the LaTeX manual or LaTeX Companion for explanation.
Type  H <return>  for immediate help.
 ...                                              
                                                  
l.60 \bibitem[ROHM 2020]{ROHM2020}
                                  
Try typing  <return>  to proceed.
If that doesn't work, type  X <return>  to quit.

\bibcite{ROHM2020}{ROHM 2020}
! Undefined control sequence.
l.62 ^^I\newblock
                  ``ADAS.自動運転，安全を守る自動車のテクノロジーを解説,''
The control sequence at the end of the top line
of your error message was never \def'ed. If you have
misspelled it (e.g., `\hobx'), type `I' and the correct
spelling (e.g., `I\hbox'). Otherwise just continue,
and I'll forget about whatever was undefined.

! Undefined control sequence.
l.63 ^^I\newblock
                  \url{https://www.rohm.co.jp/blog/-/blog/id/8030502}, 2020,...
The control sequence at the end of the top line
of your error message was never \def'ed. If you have
misspelled it (e.g., `\hobx'), type `I' and the correct
spelling (e.g., `I\hbox'). Otherwise just continue,
and I'll forget about whatever was undefined.

! Undefined control sequence.
l.63 ^^I\newblock \url
                      {https://www.rohm.co.jp/blog/-/blog/id/8030502}, 2020,...
The control sequence at the end of the top line
of your error message was never \def'ed. If you have
misspelled it (e.g., `\hobx'), type `I' and the correct
spelling (e.g., `I\hbox'). Otherwise just continue,
and I'll forget about whatever was undefined.


Overfull \hbox (31.52783pt too wide) in paragraph at lines 61--64
[]\OT1/cmr/m/n/10 ROHM
 []


Overfull \hbox (28.47227pt too wide) in paragraph at lines 61--64
\OT1/cmr/m/n/10 SEMI-
 []


Overfull \hbox (25.83337pt too wide) in paragraph at lines 61--64
\OT1/cmr/m/n/10 CON-
 []


Overfull \hbox (25.69447pt too wide) in paragraph at lines 61--64
\OT1/cmr/m/n/10 DUC-
 []


Overfull \hbox (25.13893pt too wide) in paragraph at lines 61--64
\OT1/cmr/m/n/10 TOR:
 []


Overfull \hbox (35.69452pt too wide) in paragraph at lines 61--64
\OT1/cmr/m/n/10 ``ADAS.
 []


Overfull \hbox (9.62216pt too wide) in paragraph at lines 61--64
\JY1/mc/m/n/10 自
 []


Overfull \hbox (9.62216pt too wide) in paragraph at lines 61--64
\JY1/mc/m/n/10 動
 []


Overfull \hbox (9.62216pt too wide) in paragraph at lines 61--64
\JY1/mc/m/n/10 運
 []


Overfull \hbox (12.65881pt too wide) in paragraph at lines 61--64
\JY1/mc/m/n/10 転 ，
 []


Overfull \hbox (9.62216pt too wide) in paragraph at lines 61--64
\JY1/mc/m/n/10 安
 []


Overfull \hbox (9.62216pt too wide) in paragraph at lines 61--64
\JY1/mc/m/n/10 全
 []


Overfull \hbox (9.62216pt too wide) in paragraph at lines 61--64
\JY1/mc/m/n/10 を
 []


Overfull \hbox (9.62216pt too wide) in paragraph at lines 61--64
\JY1/mc/m/n/10 守
 []


Overfull \hbox (9.62216pt too wide) in paragraph at lines 61--64
\JY1/mc/m/n/10 る
 []


Overfull \hbox (9.62216pt too wide) in paragraph at lines 61--64
\JY1/mc/m/n/10 自
 []


Overfull \hbox (9.62216pt too wide) in paragraph at lines 61--64
\JY1/mc/m/n/10 動
 []


Overfull \hbox (9.62216pt too wide) in paragraph at lines 61--64
\JY1/mc/m/n/10 車
 []


Overfull \hbox (9.62216pt too wide) in paragraph at lines 61--64
\JY1/mc/m/n/10 の
 []


Overfull \hbox (9.62216pt too wide) in paragraph at lines 61--64
\JY1/mc/m/n/10 テ
 []


Overfull \hbox (9.62216pt too wide) in paragraph at lines 61--64
\JY1/mc/m/n/10 ク
 []


Overfull \hbox (9.62216pt too wide) in paragraph at lines 61--64
\JY1/mc/m/n/10 ノ
 []


Overfull \hbox (9.62216pt too wide) in paragraph at lines 61--64
\JY1/mc/m/n/10 ロ
 []


Overfull \hbox (18.74432pt too wide) in paragraph at lines 61--64
\JY1/mc/m/n/10 ジ ー
 []


Overfull \hbox (9.62216pt too wide) in paragraph at lines 61--64
\JY1/mc/m/n/10 を
 []


Overfull \hbox (9.62216pt too wide) in paragraph at lines 61--64
\JY1/mc/m/n/10 解
 []


Overfull \hbox (17.39996pt too wide) in paragraph at lines 61--64
\JY1/mc/m/n/10 説\OT1/cmr/m/n/10 ,''
 []


Overfull \hbox (137.86143pt too wide) in paragraph at lines 61--64
\OT1/cmr/m/n/10 https://www.rohm.co.jp/blog/-
 []


Overfull \hbox (79.44469pt too wide) in paragraph at lines 61--64
\OT1/cmr/m/n/10 /blog/id/8030502,
 []


Overfull \hbox (22.77785pt too wide) in paragraph at lines 61--64
\OT1/cmr/m/n/10 2020,
 []


Overfull \hbox (79.6055pt too wide) in paragraph at lines 61--64
[]\OT1/cmr/m/n/10 . 
 []


! LaTeX Error: Lonely \item--perhaps a missing list environment.

See the LaTeX manual or LaTeX Companion for explanation.
Type  H <return>  for immediate help.
 ...                                              
                                                  
l.65 \bibitem[国土交通省 2015]{国土交通省2015}
                                              
Try typing  <return>  to proceed.
If that doesn't work, type  X <return>  to quit.

\bibcite{国土交通省2015}{国土交通省 2015}
! Undefined control sequence.
l.66 ^^I\newblock
                  ``自動運転を巡る動き,''
The control sequence at the end of the top line
of your error message was never \def'ed. If you have
misspelled it (e.g., `\hobx'), type `I' and the correct
spelling (e.g., `I\hbox'). Otherwise just continue,
and I'll forget about whatever was undefined.

! Undefined control sequence.
l.67 ^^I\newblock
                  \url{/https://www.mlit.go.jp/common/001155023.pdf}, 2015, ...
The control sequence at the end of the top line
of your error message was never \def'ed. If you have
misspelled it (e.g., `\hobx'), type `I' and the correct
spelling (e.g., `I\hbox'). Otherwise just continue,
and I'll forget about whatever was undefined.

! Undefined control sequence.
l.67 ^^I\newblock \url
                      {/https://www.mlit.go.jp/common/001155023.pdf}, 2015, ...
The control sequence at the end of the top line
of your error message was never \def'ed. If you have
misspelled it (e.g., `\hobx'), type `I' and the correct
spelling (e.g., `I\hbox'). Otherwise just continue,
and I'll forget about whatever was undefined.


Overfull \hbox (5.00002pt too wide) in paragraph at lines 66--68
\OT1/cmr/m/n/10 ``
 []


Overfull \hbox (9.62216pt too wide) in paragraph at lines 66--68
\JY1/mc/m/n/10 自
 []


Overfull \hbox (9.62216pt too wide) in paragraph at lines 66--68
\JY1/mc/m/n/10 動
 []


Overfull \hbox (9.62216pt too wide) in paragraph at lines 66--68
\JY1/mc/m/n/10 運
 []


Overfull \hbox (9.62216pt too wide) in paragraph at lines 66--68
\JY1/mc/m/n/10 転
 []


Overfull \hbox (9.62216pt too wide) in paragraph at lines 66--68
\JY1/mc/m/n/10 を
 []


Overfull \hbox (9.62216pt too wide) in paragraph at lines 66--68
\JY1/mc/m/n/10 巡
 []


Overfull \hbox (9.62216pt too wide) in paragraph at lines 66--68
\JY1/mc/m/n/10 る
 []


Overfull \hbox (9.62216pt too wide) in paragraph at lines 66--68
\JY1/mc/m/n/10 動
 []


Overfull \hbox (17.39996pt too wide) in paragraph at lines 66--68
\JY1/mc/m/n/10 き\OT1/cmr/m/n/10 ,''
 []


Overfull \hbox (218.3895pt too wide) in paragraph at lines 66--68
\OT1/cmr/m/n/10 /https://www.mlit.go.jp/common/001155023.pdf,
 []


Overfull \hbox (22.77785pt too wide) in paragraph at lines 66--68
\OT1/cmr/m/n/10 2015,
 []


Overfull \hbox (74.60548pt too wide) in paragraph at lines 66--68
[]\OT1/cmr/m/n/10 . 
 []


! LaTeX Error: Lonely \item--perhaps a missing list environment.

See the LaTeX manual or LaTeX Companion for explanation.
Type  H <return>  for immediate help.
 ...                                              
                                                  
l.69 \bibitem[厚生労働省 2023]{厚生労働省2023}
                                              
Try typing  <return>  to proceed.
If that doesn't work, type  X <return>  to quit.

\bibcite{厚生労働省2023}{厚生労働省 2023}
! Undefined control sequence.
l.70 ^^I\newblock
                  ``厚生労働省「人口動態統計（確定数）/2022」,''
The control sequence at the end of the top line
of your error message was never \def'ed. If you have
misspelled it (e.g., `\hobx'), type `I' and the correct
spelling (e.g., `I\hbox'). Otherwise just continue,
and I'll forget about whatever was undefined.

! Undefined control sequence.
l.71 ^^I\newblock
                  \url{/https://www.mhlw.go.jp/toukei/saikin/hw/jinkou/kakut...
The control sequence at the end of the top line
of your error message was never \def'ed. If you have
misspelled it (e.g., `\hobx'), type `I' and the correct
spelling (e.g., `I\hbox'). Otherwise just continue,
and I'll forget about whatever was undefined.

! Undefined control sequence.
l.71 ^^I\newblock \url
                      {/https://www.mhlw.go.jp/toukei/saikin/hw/jinkou/kakut...
The control sequence at the end of the top line
of your error message was never \def'ed. If you have
misspelled it (e.g., `\hobx'), type `I' and the correct
spelling (e.g., `I\hbox'). Otherwise just continue,
and I'll forget about whatever was undefined.

! Missing $ inserted.
<inserted text> 
                $
l.71 ...p/toukei/saikin/hw/jinkou/kakutei22/dl/15_
                                                  all.pdf}, 2023, \mbox{閲覧...
I've inserted a begin-math/end-math symbol since I think
you left one out. Proceed, with fingers crossed.

LaTeX Font Info:    External font `cmex10' loaded for size
(Font)              <7> on input line 71.
LaTeX Font Info:    External font `cmex10' loaded for size
(Font)              <5> on input line 71.
! Extra }, or forgotten $.
l.71 .../saikin/hw/jinkou/kakutei22/dl/15_all.pdf}
                                                  , 2023, \mbox{閲覧日2024.1...
I've deleted a group-closing symbol because it seems to be
spurious, as in `$x}$'. But perhaps the } is legitimate and
you forgot something else, as in `\hbox{$x}'. In such cases
the way to recover is to insert both the forgotten and the
deleted material, e.g., by typing `I$}'.

! Missing $ inserted.
<inserted text> 
                $
l.72 \clearpage
               
I've inserted a begin-math/end-math symbol since I think
you left one out. Proceed, with fingers crossed.


Overfull \hbox (5.00002pt too wide) in paragraph at lines 70--72
\OT1/cmr/m/n/10 ``
 []


Overfull \hbox (9.62216pt too wide) in paragraph at lines 70--72
\JY1/mc/m/n/10 厚
 []


Overfull \hbox (9.62216pt too wide) in paragraph at lines 70--72
\JY1/mc/m/n/10 生
 []


Overfull \hbox (9.62216pt too wide) in paragraph at lines 70--72
\JY1/mc/m/n/10 労
 []


Overfull \hbox (9.62216pt too wide) in paragraph at lines 70--72
\JY1/mc/m/n/10 働
 []


Overfull \hbox (9.62216pt too wide) in paragraph at lines 70--72
\JY1/mc/m/n/10 省
 []


Overfull \hbox (14.1623pt too wide) in paragraph at lines 70--72
\JY1/mc/m/n/10 「 人
 []


Overfull \hbox (9.62216pt too wide) in paragraph at lines 70--72
\JY1/mc/m/n/10 口
 []


Overfull \hbox (9.62216pt too wide) in paragraph at lines 70--72
\JY1/mc/m/n/10 動
 []


Overfull \hbox (9.62216pt too wide) in paragraph at lines 70--72
\JY1/mc/m/n/10 態
 []


Overfull \hbox (9.62216pt too wide) in paragraph at lines 70--72
\JY1/mc/m/n/10 統
 []


Overfull \hbox (9.62216pt too wide) in paragraph at lines 70--72
\JY1/mc/m/n/10 計
 []


Overfull \hbox (14.1623pt too wide) in paragraph at lines 70--72
\JY1/mc/m/n/10 （ 確
 []


Overfull \hbox (9.62216pt too wide) in paragraph at lines 70--72
\JY1/mc/m/n/10 定
 []


Overfull \hbox (14.1623pt too wide) in paragraph at lines 70--72
\JY1/mc/m/n/10 数 ）
 []


Overfull \hbox (40.10904pt too wide) in paragraph at lines 70--72
\OT1/cmr/m/n/10 /2022\JY1/mc/m/n/10 」 \OT1/cmr/m/n/10 ,''
 []


Overfull \hbox (430.73567pt too wide) in paragraph at lines 70--72
\OT1/cmr/m/n/10 /https://www.mhlw.go.jp/toukei/saikin/hw/jinkou/kakutei22/dl/15
$[]\OML/cmm/m/it/10 ll:pdf; \OT1/cmr/m/n/10 2023\OML/cmm/m/it/10 ; []:[] 
 []


! LaTeX Error: The font size command \normalsize is not defined:
               there is probably something wrong with the class file.

See the LaTeX manual or LaTeX Companion for explanation.
Type  H <return>  for immediate help.
 ...                                              
                                                  
l.72 \clearpage
               
Your command was ignored.
Type  I <command> <return>  to replace it with another command,
or  <return>  to continue without it.

[2]
! Undefined control sequence.
l.77 \subsection
                *{\hspace{-2zw}＜英文文献＞}
The control sequence at the end of the top line
of your error message was never \def'ed. If you have
misspelled it (e.g., `\hobx'), type `I' and the correct
spelling (e.g., `I\hbox'). Otherwise just continue,
and I'll forget about whatever was undefined.


Overfull \hbox (25.00002pt too wide) in paragraph at lines 77--78
[]\OT1/cmr/m/n/10 *
 []


Overfull \hbox (9.62216pt too wide) in paragraph at lines 77--78
\JY1/mc/m/n/10 ＜
 []


Overfull \hbox (9.62216pt too wide) in paragraph at lines 77--78
\JY1/mc/m/n/10 英
 []


Overfull \hbox (9.62216pt too wide) in paragraph at lines 77--78
\JY1/mc/m/n/10 文
 []


Overfull \hbox (9.62216pt too wide) in paragraph at lines 77--78
\JY1/mc/m/n/10 文
 []


Overfull \hbox (9.62216pt too wide) in paragraph at lines 77--78
\JY1/mc/m/n/10 献
 []


Overfull \hbox (9.62216pt too wide) in paragraph at lines 77--78
\JY1/mc/m/n/10 ＞ 
 []


! LaTeX Error: Lonely \item--perhaps a missing list environment.

See the LaTeX manual or LaTeX Companion for explanation.
Type  H <return>  for immediate help.
 ...                                              
                                                  
l.79 \bibitem[Taylor 2009]{Taylor2009}
                                      
Try typing  <return>  to proceed.
If that doesn't work, type  X <return>  to quit.

\bibcite{Taylor2009}{Taylor 2009}
! Undefined control sequence.
l.81 ^^I\newblock
                  ``Transfer Learning for Reinforcement Learning Domains:ASu...
The control sequence at the end of the top line
of your error message was never \def'ed. If you have
misspelled it (e.g., `\hobx'), type `I' and the correct
spelling (e.g., `I\hbox'). Otherwise just continue,
and I'll forget about whatever was undefined.

! Undefined control sequence.
l.82 ^^I\newblock
                  {\em Journal of Machine Learning Research 10}, \mbox{pp.~1...
The control sequence at the end of the top line
of your error message was never \def'ed. If you have
misspelled it (e.g., `\hobx'), type `I' and the correct
spelling (e.g., `I\hbox'). Otherwise just continue,
and I'll forget about whatever was undefined.

LaTeX Font Info:    Kanji font shape `JY1/gt/m/it' undefined
(Font)              No change on input line 82.

Overfull \hbox (39.16675pt too wide) in paragraph at lines 80--83
[]\OT1/cmr/m/n/10 Matthew
 []


Overfull \hbox (37.66675pt too wide) in paragraph at lines 80--83
\OT1/cmr/m/n/10 E.Taylor
 []


Overfull \hbox (16.11116pt too wide) in paragraph at lines 80--83
\OT1/cmr/m/n/10 and
 []


Overfull \hbox (14.30556pt too wide) in paragraph at lines 80--83
\OT1/cmr/m/n/10 Pe-
 []


Overfull \hbox (12.25002pt too wide) in paragraph at lines 80--83
\OT1/cmr/m/n/10 ter
 []


Overfull \hbox (27.22229pt too wide) in paragraph at lines 80--83
\OT1/cmr/m/n/10 Stone:
 []


Overfull \hbox (33.13893pt too wide) in paragraph at lines 80--83
\OT1/cmr/m/n/10 ``Trans-
 []


Overfull \hbox (11.41669pt too wide) in paragraph at lines 80--83
\OT1/cmr/m/n/10 fer
 []


Overfull \hbox (28.50005pt too wide) in paragraph at lines 80--83
\OT1/cmr/m/n/10 Learn-
 []


Overfull \hbox (13.33337pt too wide) in paragraph at lines 80--83
\OT1/cmr/m/n/10 ing
 []


Overfull \hbox (11.97226pt too wide) in paragraph at lines 80--83
\OT1/cmr/m/n/10 for
 []


Overfull \hbox (15.13889pt too wide) in paragraph at lines 80--83
\OT1/cmr/m/n/10 Re-
 []


Overfull \hbox (11.66669pt too wide) in paragraph at lines 80--83
\OT1/cmr/m/n/10 in-
 []


Overfull \hbox (24.19447pt too wide) in paragraph at lines 80--83
\OT1/cmr/m/n/10 force-
 []


Overfull \hbox (21.94449pt too wide) in paragraph at lines 80--83
\OT1/cmr/m/n/10 ment
 []


Overfull \hbox (28.50005pt too wide) in paragraph at lines 80--83
\OT1/cmr/m/n/10 Learn-
 []


Overfull \hbox (13.33337pt too wide) in paragraph at lines 80--83
\OT1/cmr/m/n/10 ing
 []


Overfull \hbox (15.97224pt too wide) in paragraph at lines 80--83
\OT1/cmr/m/n/10 Do-
 []


Overfull \hbox (72.58351pt too wide) in paragraph at lines 80--83
\OT1/cmr/m/n/10 mains:ASurvey,''
 []


Overfull \hbox (23.52205pt too wide) in paragraph at lines 80--83
\OT1/cmr/m/it/10 Jour-
 []


Overfull \hbox (13.28882pt too wide) in paragraph at lines 80--83
\OT1/cmr/m/it/10 nal
 []


Overfull \hbox (8.17773pt too wide) in paragraph at lines 80--83
\OT1/cmr/m/it/10 of
 []


Overfull \hbox (17.65544pt too wide) in paragraph at lines 80--83
\OT1/cmr/m/it/10 Ma-
 []


Overfull \hbox (22.99985pt too wide) in paragraph at lines 80--83
\OT1/cmr/m/it/10 chine
 []


Overfull \hbox (28.37753pt too wide) in paragraph at lines 80--83
\OT1/cmr/m/it/10 Learn-
 []


Overfull \hbox (13.2888pt too wide) in paragraph at lines 80--83
\OT1/cmr/m/it/10 ing
 []


Overfull \hbox (14.96098pt too wide) in paragraph at lines 80--83
\OT1/cmr/m/it/10 Re-
 []


Overfull \hbox (26.70534pt too wide) in paragraph at lines 80--83
\OT1/cmr/m/it/10 search
 []


Overfull \hbox (12.99995pt too wide) in paragraph at lines 80--83
\OT1/cmr/m/it/10 10\OT1/cmr/m/n/10 ,
 []


Overfull \hbox (65.00018pt too wide) in paragraph at lines 80--83
[]\OT1/cmr/m/n/10 ,
 []


Overfull \hbox (22.77785pt too wide) in paragraph at lines 80--83
\OT1/cmr/m/n/10 2009. 
 []


! LaTeX Error: Lonely \item--perhaps a missing list environment.

See the LaTeX manual or LaTeX Companion for explanation.
Type  H <return>  for immediate help.
 ...                                              
                                                  
l.84 \bibitem[Kono 2019]{Kono2019}
                                  
Try typing  <return>  to proceed.
If that doesn't work, type  X <return>  to quit.

\bibcite{Kono2019}{Kono 2019}
! Undefined control sequence.
l.86 ^^I\newblock
                  ``Activation and Spreading Sequence for Spreading Activati...
The control sequence at the end of the top line
of your error message was never \def'ed. If you have
misspelled it (e.g., `\hobx'), type `I' and the correct
spelling (e.g., `I\hbox'). Otherwise just continue,
and I'll forget about whatever was undefined.

! Undefined control sequence.
l.87 ^^I\newblock
                  {\em International Journal of Advanced Computer Science an...
The control sequence at the end of the top line
of your error message was never \def'ed. If you have
misspelled it (e.g., `\hobx'), type `I' and the correct
spelling (e.g., `I\hbox'). Otherwise just continue,
and I'll forget about whatever was undefined.

LaTeX Font Info:    Kanji font shape `JY1/gt/m/it' undefined
(Font)              No change on input line 87.

Overfull \hbox (11.03667pt too wide) in paragraph at lines 85--88
[]\OT1/cmr/m/n/10 H\JY1/mc/m/n/10 ．
 []


Overfull \hbox (26.87006pt too wide) in paragraph at lines 85--88
\OT1/cmr/m/n/10 Kono\JY1/mc/m/n/10 ，
 []


Overfull \hbox (10.89777pt too wide) in paragraph at lines 85--88
\OT1/cmr/m/n/10 R\JY1/mc/m/n/10 ．
 []


Overfull \hbox (48.259pt too wide) in paragraph at lines 85--88
\OT1/cmr/m/n/10 Katayama\JY1/mc/m/n/10 ，
 []


Overfull \hbox (11.03667pt too wide) in paragraph at lines 85--88
\OT1/cmr/m/n/10 Y\JY1/mc/m/n/10 ．
 []


Overfull \hbox (47.14786pt too wide) in paragraph at lines 85--88
\OT1/cmr/m/n/10 Takakuwa\JY1/mc/m/n/10 ，
 []


Overfull \hbox (13.81445pt too wide) in paragraph at lines 85--88
\OT1/cmr/m/n/10 W\JY1/mc/m/n/10 ．
 []


Overfull \hbox (22.98112pt too wide) in paragraph at lines 85--88
\OT1/cmr/m/n/10 Wen\JY1/mc/m/n/10 ，
 []


Overfull \hbox (16.11116pt too wide) in paragraph at lines 85--88
\OT1/cmr/m/n/10 and
 []


Overfull \hbox (10.75888pt too wide) in paragraph at lines 85--88
\OT1/cmr/m/n/10 T\JY1/mc/m/n/10 ．
 []


Overfull \hbox (31.94453pt too wide) in paragraph at lines 85--88
\OT1/cmr/m/n/10 Suzuki:
 []


Overfull \hbox (20.2778pt too wide) in paragraph at lines 85--88
\OT1/cmr/m/n/10 ``Ac-
 []


Overfull \hbox (10.00002pt too wide) in paragraph at lines 85--88
\OT1/cmr/m/n/10 ti-
 []


Overfull \hbox (13.05559pt too wide) in paragraph at lines 85--88
\OT1/cmr/m/n/10 va-
 []


Overfull \hbox (17.22227pt too wide) in paragraph at lines 85--88
\OT1/cmr/m/n/10 tion
 []


Overfull \hbox (16.11116pt too wide) in paragraph at lines 85--88
\OT1/cmr/m/n/10 and
 []


Overfull \hbox (33.36118pt too wide) in paragraph at lines 85--88
\OT1/cmr/m/n/10 Spread-
 []


Overfull \hbox (13.33337pt too wide) in paragraph at lines 85--88
\OT1/cmr/m/n/10 ing
 []


Overfull \hbox (13.33334pt too wide) in paragraph at lines 85--88
\OT1/cmr/m/n/10 Se-
 []


Overfull \hbox (29.72226pt too wide) in paragraph at lines 85--88
\OT1/cmr/m/n/10 quence
 []


Overfull \hbox (11.97226pt too wide) in paragraph at lines 85--88
\OT1/cmr/m/n/10 for
 []


Overfull \hbox (33.36118pt too wide) in paragraph at lines 85--88
\OT1/cmr/m/n/10 Spread-
 []


Overfull \hbox (13.33337pt too wide) in paragraph at lines 85--88
\OT1/cmr/m/n/10 ing
 []


Overfull \hbox (15.27779pt too wide) in paragraph at lines 85--88
\OT1/cmr/m/n/10 Ac-
 []


Overfull \hbox (10.00002pt too wide) in paragraph at lines 85--88
\OT1/cmr/m/n/10 ti-
 []


Overfull \hbox (13.05559pt too wide) in paragraph at lines 85--88
\OT1/cmr/m/n/10 va-
 []


Overfull \hbox (17.22227pt too wide) in paragraph at lines 85--88
\OT1/cmr/m/n/10 tion
 []


Overfull \hbox (17.63892pt too wide) in paragraph at lines 85--88
\OT1/cmr/m/n/10 Pol-
 []


Overfull \hbox (12.50003pt too wide) in paragraph at lines 85--88
\OT1/cmr/m/n/10 icy
 []


Overfull \hbox (13.33334pt too wide) in paragraph at lines 85--88
\OT1/cmr/m/n/10 Se-
 []


Overfull \hbox (15.0pt too wide) in paragraph at lines 85--88
\OT1/cmr/m/n/10 lec-
 []


Overfull \hbox (17.22227pt too wide) in paragraph at lines 85--88
\OT1/cmr/m/n/10 tion
 []


Overfull \hbox (33.88898pt too wide) in paragraph at lines 85--88
\OT1/cmr/m/n/10 Method
 []


Overfull \hbox (8.33336pt too wide) in paragraph at lines 85--88
\OT1/cmr/m/n/10 in
 []


Overfull \hbox (28.13892pt too wide) in paragraph at lines 85--88
\OT1/cmr/m/n/10 Trans-
 []


Overfull \hbox (11.41669pt too wide) in paragraph at lines 85--88
\OT1/cmr/m/n/10 fer
 []


Overfull \hbox (15.13889pt too wide) in paragraph at lines 85--88
\OT1/cmr/m/n/10 Re-
 []


Overfull \hbox (11.66669pt too wide) in paragraph at lines 85--88
\OT1/cmr/m/n/10 in-
 []


Overfull \hbox (24.19447pt too wide) in paragraph at lines 85--88
\OT1/cmr/m/n/10 force-
 []


Overfull \hbox (21.94449pt too wide) in paragraph at lines 85--88
\OT1/cmr/m/n/10 ment
 []


Overfull \hbox (28.50005pt too wide) in paragraph at lines 85--88
\OT1/cmr/m/n/10 Learn-
 []


Overfull \hbox (21.11118pt too wide) in paragraph at lines 85--88
\OT1/cmr/m/n/10 ing,''
 []


Overfull \hbox (13.05547pt too wide) in paragraph at lines 85--88
\OT1/cmr/m/it/10 In-
 []


Overfull \hbox (15.71652pt too wide) in paragraph at lines 85--88
\OT1/cmr/m/it/10 ter-
 []


Overfull \hbox (14.31102pt too wide) in paragraph at lines 85--88
\OT1/cmr/m/it/10 na-
 []


Overfull \hbox (24.78874pt too wide) in paragraph at lines 85--88
\OT1/cmr/m/it/10 tional
 []


Overfull \hbox (23.52205pt too wide) in paragraph at lines 85--88
\OT1/cmr/m/it/10 Jour-
 []


Overfull \hbox (13.28882pt too wide) in paragraph at lines 85--88
\OT1/cmr/m/it/10 nal
 []


Overfull \hbox (8.17773pt too wide) in paragraph at lines 85--88
\OT1/cmr/m/it/10 of
 []


Overfull \hbox (15.611pt too wide) in paragraph at lines 85--88
\OT1/cmr/m/it/10 Ad-
 []


Overfull \hbox (28.622pt too wide) in paragraph at lines 85--88
\OT1/cmr/m/it/10 vanced
 []


Overfull \hbox (24.02206pt too wide) in paragraph at lines 85--88
\OT1/cmr/m/it/10 Com-
 []


Overfull \hbox (22.6165pt too wide) in paragraph at lines 85--88
\OT1/cmr/m/it/10 puter
 []


Overfull \hbox (16.86655pt too wide) in paragraph at lines 85--88
\OT1/cmr/m/it/10 Sci-
 []


Overfull \hbox (18.91095pt too wide) in paragraph at lines 85--88
\OT1/cmr/m/it/10 ence
 []


Overfull \hbox (15.84436pt too wide) in paragraph at lines 85--88
\OT1/cmr/m/it/10 and
 []


Overfull \hbox (16.12212pt too wide) in paragraph at lines 85--88
\OT1/cmr/m/it/10 Ap-
 []


Overfull \hbox (14.31102pt too wide) in paragraph at lines 85--88
\OT1/cmr/m/it/10 pli-
 []


Overfull \hbox (12.77766pt too wide) in paragraph at lines 85--88
\OT1/cmr/m/it/10 ca-
 []


Overfull \hbox (23.98877pt too wide) in paragraph at lines 85--88
\OT1/cmr/m/it/10 tions\OT1/cmr/m/n/10 ,
 []


Overfull \hbox (31.66675pt too wide) in paragraph at lines 85--88
[]\OT1/cmr/m/n/10 ,
 []


Overfull \hbox (29.44452pt too wide) in paragraph at lines 85--88
[]\OT1/cmr/m/n/10 ,
 []


Overfull \hbox (40.0001pt too wide) in paragraph at lines 85--88
[]\OT1/cmr/m/n/10 ,
 []


Overfull \hbox (22.77785pt too wide) in paragraph at lines 85--88
\OT1/cmr/m/n/10 2019. 
 []


! LaTeX Error: Lonely \item--perhaps a missing list environment.

See the LaTeX manual or LaTeX Companion for explanation.
Type  H <return>  for immediate help.
 ...                                              
                                                  
l.89 \bibitem[Webots 1998]{Webots1998}
                                      
Try typing  <return>  to proceed.
If that doesn't work, type  X <return>  to quit.

\bibcite{Webots1998}{Webots 1998}
! Undefined control sequence.
l.90     \newblock
                   \\Cyberbotics，Webots OPEN SOURCE ROBOT SIMULATOR, \url{h...
The control sequence at the end of the top line
of your error message was never \def'ed. If you have
misspelled it (e.g., `\hobx'), type `I' and the correct
spelling (e.g., `I\hbox'). Otherwise just continue,
and I'll forget about whatever was undefined.


! LaTeX Error: There's no line here to end.

See the LaTeX manual or LaTeX Companion for explanation.
Type  H <return>  for immediate help.
 ...                                              
                                                  
l.90     \newblock \\C
                      yberbotics，Webots OPEN SOURCE ROBOT SIMULATOR, \url{h...

Your command was ignored.
Type  I <command> <return>  to replace it with another command,
or  <return>  to continue without it.

! Undefined control sequence.
l.90 ...，Webots OPEN SOURCE ROBOT SIMULATOR, \url
                                                  {https://cyberbotics.com},...
The control sequence at the end of the top line
of your error message was never \def'ed. If you have
misspelled it (e.g., `\hobx'), type `I' and the correct
spelling (e.g., `I\hbox'). Otherwise just continue,
and I'll forget about whatever was undefined.


Overfull \hbox (56.1201pt too wide) in paragraph at lines 90--91
\OT1/cmr/m/n/10 Cyberbotics\JY1/mc/m/n/10 ，
 []


Overfull \hbox (17.22223pt too wide) in paragraph at lines 90--91
\OT1/cmr/m/n/10 We-
 []


Overfull \hbox (18.66672pt too wide) in paragraph at lines 90--91
\OT1/cmr/m/n/10 bots
 []


Overfull \hbox (28.88896pt too wide) in paragraph at lines 90--91
\OT1/cmr/m/n/10 OPEN
 []


Overfull \hbox (41.94452pt too wide) in paragraph at lines 90--91
\OT1/cmr/m/n/10 SOURCE
 []


Overfull \hbox (36.94452pt too wide) in paragraph at lines 90--91
\OT1/cmr/m/n/10 ROBOT
 []


Overfull \hbox (21.6667pt too wide) in paragraph at lines 90--91
\OT1/cmr/m/n/10 SIM-
 []


Overfull \hbox (10.83334pt too wide) in paragraph at lines 90--91
\OT1/cmr/m/n/10 U-
 []


Overfull \hbox (17.08336pt too wide) in paragraph at lines 90--91
\OT1/cmr/m/n/10 LA-
 []


Overfull \hbox (25.13893pt too wide) in paragraph at lines 90--91
\OT1/cmr/m/n/10 TOR,
 []


Overfull \hbox (131.25032pt too wide) in paragraph at lines 90--91
\OT1/cmr/m/n/10 https://cyberbotics.com,1998. 
 []


! LaTeX Error: \begin{document} ended by \end{mythebibliography}.

See the LaTeX manual or LaTeX Companion for explanation.
Type  H <return>  for immediate help.
 ...                                              
                                                  
l.96 \end{mythebibliography}
                            
Your command was ignored.
Type  I <command> <return>  to replace it with another command,
or  <return>  to continue without it.

! Missing } inserted.
<inserted text> 
                }
l.96 \end{mythebibliography}
                            
I've inserted something that you may have forgotten.
(See the <inserted text> above.)
With luck, this will get me unwedged. But if you
really didn't forget anything, try typing `2' now; then
my insertion and my current dilemma will both disappear.

)
! Emergency stop.
<*> ref.tex
           
*** (job aborted, no legal \end found)

 
Here is how much of TeX's memory you used:
 28 strings out of 474832
 502 string characters out of 5763981
 1944305 words of memory out of 5000000
 22432 multiletter control sequences out of 15000+600000
 562286 words of font info for 54 fonts, out of 8000000 for 9000
 929 hyphenation exceptions out of 8191
 23i,5n,23p,194b,138s stack positions out of 10000i,1000n,20000p,200000b,200000s
Output written on ref.dvi (2 pages, 4256 bytes).
